2024-06-15 12:52:49 main.py INFO FaceRecognition class initialized
2024-06-15 12:52:49 main.py INFO Encoding faces
2024-06-15 12:52:57 main.py INFO Faces encoded
2024-06-15 12:52:59 main.py INFO Camera loaded
2024-06-15 12:53:01 main.py INFO Face Anny is 99.52%
2024-06-15 12:53:01 main.py INFO Face Aditya is 98.48%
2024-06-15 12:53:01 main.py INFO Face Aditya is 98.82%
2024-06-15 12:53:01 main.py INFO Face Anny is 98.41%
2024-06-15 12:53:01 main.py INFO Face Aditya is 97.28%
2024-06-15 12:53:01 main.py INFO Face Anny is 97.89%
2024-06-15 12:53:01 main.py INFO Face Aditya is 95.49%
2024-06-15 12:53:01 main.py INFO Face Anny is 99.4%
2024-06-15 12:53:01 main.py INFO Face Aditya is 95.87%
2024-06-15 12:53:01 main.py INFO Face Anny is 97.42%
2024-06-15 12:53:01 main.py INFO Face Aditya is 97.59%
2024-06-15 12:53:01 main.py INFO Face Anny is 98.16%
2024-06-15 12:53:01 main.py INFO Face Aditya is 97.79%
2024-06-15 12:53:01 main.py INFO Face Anny is 99.32%
2024-06-15 12:53:02 main.py INFO Face Aditya is 96.66%
2024-06-15 12:53:02 main.py INFO Face Anny is 100.0%
2024-06-15 12:53:02 main.py INFO Face Aditya is 98.91%
2024-06-15 12:53:02 main.py INFO Face Anny is 97.66%
2024-06-15 12:53:02 main.py INFO Face Aditya is 99.74%
2024-06-15 12:53:02 main.py INFO Face Aditya is 100.0%
2024-06-15 12:53:02 main.py INFO Face Smit is 97.96%
2024-06-15 12:53:02 main.py INFO Face Smit is 99.7%
2024-06-15 12:53:02 main.py INFO Face Anny is 96.98%
2024-06-15 12:53:02 main.py INFO Face Anny is 95.78%
2024-06-15 12:53:03 main.py INFO Face Anny is 96.41%
2024-06-15 12:53:03 main.py INFO Face Anny is 94.43%
2024-06-15 12:53:03 main.py INFO Face Anny is 97.32%
2024-06-15 12:53:03 main.py INFO Face Anny is 94.48%
2024-06-15 12:53:03 main.py INFO Face Anny is 93.2%
2024-06-15 12:53:03 main.py INFO Face Anny is 93.54%
2024-06-15 12:53:03 main.py INFO Face Anny is 94.99%
2024-06-15 12:53:03 main.py INFO Face Anny is 93.96%
2024-06-15 12:53:03 main.py INFO Face Anny is 92.6%
2024-06-15 12:53:03 main.py INFO Face Anny is 94.58%
2024-06-15 12:53:04 main.py INFO Face Anny is 94.68%
2024-06-15 12:53:04 main.py INFO Face Anny is 94.52%
2024-06-15 12:53:04 main.py INFO Face Anny is 95.28%
2024-06-15 12:53:04 main.py INFO Face Anny is 96.82%
2024-06-15 12:53:04 main.py INFO Face Anny is 93.23%
2024-06-15 12:53:04 main.py INFO Face Anny is 91.31%
2024-06-15 12:53:04 main.py INFO Face Anny is 91.23%
2024-06-15 12:53:04 main.py INFO Face Anny is 91.86%
2024-06-15 12:53:04 main.py INFO Face Anny is 95.79%
2024-06-15 12:53:04 main.py INFO Face Anny is 94.38%
2024-06-15 12:53:05 main.py INFO Face Anny is 93.06%
2024-06-15 12:53:05 main.py INFO Face Anny is 94.97%
2024-06-15 12:53:05 main.py INFO Face Anny is 93.25%
2024-06-15 12:53:05 main.py INFO Face Anny is 94.64%
2024-06-15 12:53:05 main.py INFO Face Anny is 94.27%
2024-06-15 12:53:05 main.py INFO Face Anny is 93.83%
2024-06-15 12:53:05 main.py INFO Face Anny is 94.44%
2024-06-15 12:53:05 main.py INFO Face Anny is 96.48%
2024-06-15 12:53:05 main.py INFO Face Anny is 93.84%
2024-06-15 12:53:05 main.py INFO Face Anny is 94.28%
2024-06-15 12:53:06 main.py INFO Face Anny is 94.25%
2024-06-15 12:53:06 main.py INFO Face Anny is 93.93%
2024-06-15 12:53:06 main.py INFO Face Anny is 95.65%
2024-06-15 12:53:06 main.py INFO Face Anny is 94.88%
2024-06-15 12:53:06 main.py INFO Face Anny is 96.22%
2024-06-15 12:53:06 main.py INFO Face Anny is 95.03%
2024-06-15 12:53:06 main.py INFO Face Anny is 93.43%
2024-06-15 12:53:06 main.py INFO Face Anny is 95.55%
2024-06-15 12:53:06 main.py INFO Face Anny is 93.71%
2024-06-15 12:53:06 main.py INFO Face Anny is 94.66%
2024-06-15 12:53:07 main.py INFO Face Anny is 93.23%
2024-06-15 12:53:07 main.py INFO Face Anny is 93.6%
2024-06-15 12:53:07 main.py INFO Face Anny is 93.18%
2024-06-15 12:53:07 main.py INFO Face Anny is 94.72%
2024-06-15 12:53:07 main.py INFO Face Anny is 96.42%
2024-06-15 12:53:07 main.py INFO Face Anny is 97.68%
2024-06-15 12:53:07 main.py INFO Face Anny is 97.68%
2024-06-15 12:53:07 main.py INFO Face Anny is 96.14%
2024-06-15 12:53:08 main.py INFO Face Aditya is 97.42%
2024-06-15 12:53:08 main.py INFO Face Aditya is 93.86%
2024-06-15 12:53:08 main.py INFO Face Aditya is 92.58%
2024-06-15 12:53:08 main.py INFO Face Aditya is 98.1%
2024-06-15 12:53:08 main.py INFO Face Aditya is 96.71%
2024-06-15 12:53:08 main.py INFO Face Aditya is 97.41%
2024-06-15 12:53:08 main.py INFO Face Aditya is 95.82%
2024-06-15 12:53:08 main.py INFO Face Aditya is 95.91%
2024-06-15 12:53:08 main.py INFO Face Aditya is 96.74%
2024-06-15 12:53:08 main.py INFO Face Aditya is 95.29%
2024-06-15 12:53:09 main.py INFO Face Aditya is 93.56%
2024-06-15 12:53:09 main.py INFO Face Aditya is 94.6%
2024-06-15 12:53:09 main.py INFO Face Aditya is 95.13%
2024-06-15 12:53:09 main.py INFO Face Aditya is 98.05%
2024-06-15 12:53:09 main.py INFO Face Aditya is 96.12%
2024-06-15 12:53:09 main.py INFO Face Aditya is 95.59%
2024-06-15 12:53:09 main.py INFO Face Aditya is 93.73%
2024-06-15 12:53:09 main.py INFO Face Aditya is 97.09%
2024-06-15 12:53:09 main.py INFO Face Aditya is 95.83%
2024-06-15 12:53:09 main.py INFO Face Aditya is 95.33%
2024-06-15 12:53:10 main.py INFO Face Aditya is 96.65%
2024-06-15 12:53:10 main.py INFO Face Aditya is 97.37%
2024-06-15 12:53:10 main.py INFO Face Aditya is 98.25%
2024-06-15 12:53:10 main.py INFO Face Aditya is 97.29%
2024-06-15 12:53:10 main.py INFO Face Aditya is 96.69%
2024-06-15 12:53:10 main.py INFO Face Aditya is 95.76%
2024-06-15 12:53:10 main.py INFO Face Aditya is 95.82%
2024-06-15 12:53:10 main.py INFO Face Aditya is 97.57%
2024-06-15 12:53:10 main.py INFO Face Aditya is 96.97%
2024-06-15 12:53:10 main.py INFO Face Aditya is 96.38%
2024-06-15 12:53:11 main.py INFO Face Aditya is 95.88%
2024-06-15 12:53:11 main.py INFO Face Aditya is 96.4%
2024-06-15 12:53:11 main.py INFO Face Aditya is 93.8%
2024-06-15 12:53:11 main.py INFO Face Aditya is 95.75%
2024-06-15 12:53:11 main.py INFO Face Aditya is 99.27%
2024-06-15 12:53:11 main.py INFO Face Anny is 97.9%
2024-06-15 12:53:11 main.py INFO Face Anny is 96.14%
2024-06-15 12:53:11 main.py INFO Face Aditya is 97.05%
2024-06-15 12:53:11 main.py INFO Face Anny is 94.47%
2024-06-15 12:53:11 main.py INFO Face Aditya is 95.24%
2024-06-15 12:53:12 main.py INFO Face Anny is 94.74%
2024-06-15 12:53:12 main.py INFO Face Aditya is 95.22%
2024-06-15 12:53:12 main.py INFO Face Anny is 94.23%
2024-06-15 12:53:12 main.py INFO Face Aditya is 95.66%
2024-06-15 12:53:12 main.py INFO Face Anny is 95.61%
2024-06-15 12:53:12 main.py INFO Face Aditya is 92.95%
2024-06-15 12:53:12 main.py INFO Face Anny is 92.88%
2024-06-15 12:53:12 main.py INFO Face Aditya is 92.3%
2024-06-15 12:53:12 main.py INFO Face Anny is 92.48%
2024-06-15 12:53:12 main.py INFO Face Aditya is 96.52%
2024-06-15 12:53:12 main.py INFO Face Anny is 90.53%
2024-06-15 12:53:12 main.py INFO Face Aditya is 99.1%
2024-06-15 12:53:12 main.py INFO Face Anny is 93.46%
2024-06-15 12:53:12 main.py INFO Face Aditya is 96.74%
2024-06-15 12:53:12 main.py INFO Face Anny is 93.01%
2024-06-15 12:53:12 main.py INFO Face Aditya is 95.84%
2024-06-15 12:53:13 main.py INFO Face Anny is 93.22%
2024-06-15 12:53:13 main.py INFO Face Aditya is 97.48%
2024-06-15 12:53:13 main.py INFO Face Anny is 92.33%
2024-06-15 12:53:13 main.py INFO Face Aditya is 96.24%
2024-06-15 12:53:13 main.py INFO Face Anny is 93.24%
2024-06-15 12:53:13 main.py INFO Face Aditya is 96.92%
2024-06-15 12:53:13 main.py INFO Face Anny is 93.17%
2024-06-15 12:53:13 main.py INFO Face Aditya is 94.65%
2024-06-15 12:53:13 main.py INFO Face Anny is 92.99%
2024-06-15 12:53:13 main.py INFO Face Aditya is 95.61%
2024-06-15 12:53:13 main.py INFO Face Anny is 93.3%
2024-06-15 12:53:13 main.py INFO Face Aditya is 95.9%
2024-06-15 12:53:13 main.py INFO Face Anny is 93.28%
2024-06-15 12:53:13 main.py INFO Face Aditya is 96.2%
2024-06-15 12:53:14 main.py INFO Face Anny is 94.88%
2024-06-15 12:53:14 main.py INFO Face Aditya is 96.04%
2024-06-15 12:53:14 main.py INFO Face Anny is 93.35%
2024-06-15 12:53:14 main.py INFO Face Aditya is 96.19%
2024-06-15 12:53:14 main.py INFO Face Anny is 93.22%
2024-06-15 12:53:14 main.py INFO Face Aditya is 94.55%
2024-06-15 12:53:14 main.py INFO Face Anny is 93.95%
2024-06-15 12:53:14 main.py INFO Face Aditya is 94.24%
2024-06-15 12:53:14 main.py INFO Face Anny is 94.81%
2024-06-15 12:53:14 main.py INFO Face Aditya is 93.07%
2024-06-15 12:53:14 main.py INFO Face Anny is 94.02%
2024-06-15 12:53:14 main.py INFO Face Aditya is 93.04%
2024-06-15 12:53:14 main.py INFO Face Anny is 96.66%
2024-06-15 12:53:14 main.py INFO Face Aditya is 93.4%
2024-06-15 12:53:14 main.py INFO Face Anny is 94.45%
2024-06-15 12:53:14 main.py INFO Face Aditya is 91.56%
2024-06-15 12:53:15 main.py INFO Face Anny is 96.18%
2024-06-15 12:53:15 main.py INFO Face Aditya is 92.55%
2024-06-15 12:53:15 main.py INFO Face Anny is 94.55%
2024-06-15 12:53:15 main.py INFO Face Aditya is 92.47%
2024-06-15 12:53:15 main.py INFO Face Anny is 95.43%
2024-06-15 12:53:15 main.py INFO Face Aditya is 90.8%
2024-06-15 12:53:15 main.py INFO Face Anny is 96.36%
2024-06-15 12:53:15 main.py INFO Face Aditya is 93.08%
2024-06-15 12:53:15 main.py INFO Face Anny is 95.57%
2024-06-15 12:53:15 main.py INFO Face Aditya is 90.35%
2024-06-15 12:53:15 main.py INFO Face Anny is 94.66%
2024-06-15 12:53:15 main.py INFO Face Aditya is 91.41%
2024-06-15 12:53:15 main.py INFO Face Anny is 95.64%
2024-06-15 12:53:15 main.py INFO Face Aditya is 90.16%
2024-06-15 12:53:16 main.py INFO Face Anny is 94.99%
2024-06-15 12:53:16 main.py INFO Face Aditya is 91.21%
2024-06-15 12:53:16 main.py INFO Face Anny is 96.12%
2024-06-15 12:53:16 main.py INFO Face Aditya is 90.73%
2024-06-15 12:53:16 main.py INFO Face Anny is 95.4%
2024-06-15 12:53:16 main.py INFO Face Aditya is 92.3%
2024-06-15 12:53:16 main.py INFO Face Anny is 94.6%
2024-06-15 12:53:16 main.py INFO Face Aditya is 91.57%
2024-06-15 12:53:16 main.py INFO Face Anny is 95.1%
2024-06-15 12:53:16 main.py INFO Face Aditya is 92.02%
2024-06-15 12:53:16 main.py INFO Face Anny is 94.5%
2024-06-15 12:53:16 main.py INFO Face Aditya is 92.47%
2024-06-15 12:53:16 main.py INFO Face Anny is 94.95%
2024-06-15 12:53:16 main.py INFO Face Aditya is 90.87%
2024-06-15 12:53:16 main.py INFO Face Anny is 96.25%
2024-06-15 12:53:16 main.py INFO Face Aditya is 91.42%
2024-06-15 12:53:17 main.py INFO Face Anny is 95.25%
2024-06-15 12:53:17 main.py INFO Face Aditya is 91.97%
2024-06-15 12:53:17 main.py INFO Face Anny is 96.5%
2024-06-15 12:53:17 main.py INFO Face Aditya is 93.27%
2024-06-15 12:53:17 main.py INFO Face Anny is 98.49%
2024-06-15 12:53:17 main.py INFO Face Aditya is 92.5%
2024-06-15 12:53:17 main.py INFO Face Aditya is 93.63%
2024-06-15 12:53:17 main.py INFO Face Anny is 99.9%
2024-06-15 12:53:17 main.py INFO Face Anny is 99.81%
2024-06-15 12:53:17 main.py INFO Face Aditya is 99.16%
2024-06-15 12:53:17 main.py INFO Face Anny is 99.88%
2024-06-15 12:53:17 main.py INFO Face Anny is 97.94%
2024-06-15 12:53:18 main.py INFO Face Aditya is 96.89%
2024-06-15 12:53:18 main.py INFO Face Anny is 99.55%
2024-06-15 12:53:18 main.py INFO Face Aditya is 95.7%
2024-06-15 12:53:18 main.py INFO Face Aditya is 95.96%
2024-06-15 12:53:18 main.py INFO Face Anny is 99.14%
2024-06-15 12:53:19 main.py INFO Face Anny is 100.0%
2024-06-15 12:53:19 main.py INFO Face Aditya is 95.39%
2024-06-15 12:53:19 main.py INFO Face Aditya is 89.53%
2024-06-15 12:53:19 main.py INFO Face Aditya is 92.14%
2024-06-15 12:53:19 main.py INFO Face Anny is 99.85%
2024-06-15 12:53:19 main.py INFO Face Anny is 98.94%
2024-06-15 12:53:19 main.py INFO Face Aditya is 93.46%
2024-06-15 12:53:19 main.py INFO Face Aditya is 92.26%
2024-06-15 12:53:19 main.py INFO Face Anny is 99.2%
2024-06-15 12:53:19 main.py INFO Face Anny is 97.26%
2024-06-15 12:53:19 main.py INFO Face Aditya is 90.73%
2024-06-15 12:53:19 main.py INFO Face Anny is 98.26%
2024-06-15 12:53:19 main.py INFO Face Aditya is 92.64%
2024-06-15 12:53:19 main.py INFO Face Anny is 98.32%
2024-06-15 12:53:19 main.py INFO Face Aditya is 94.1%
2024-06-15 12:53:20 main.py INFO Face Anny is 98.74%
2024-06-15 12:53:20 main.py INFO Face Aditya is 91.25%
2024-06-15 12:53:20 main.py INFO Face Anny is 99.64%
2024-06-15 12:53:20 main.py INFO Face Aditya is 93.13%
2024-06-15 12:53:20 main.py INFO Face Aditya is 91.28%
2024-06-15 12:53:20 main.py INFO Face Aditya is 92.52%
2024-06-15 12:53:20 main.py INFO Face Aditya is 94.11%
2024-06-15 12:53:20 main.py INFO Face Anny is 98.49%
2024-06-15 12:53:20 main.py INFO Face Anny is 99.95%
2024-06-15 12:53:20 main.py INFO Face Aditya is 93.63%
2024-06-15 12:53:20 main.py INFO Face Anny is 99.07%
2024-06-15 12:53:20 main.py INFO Face Aditya is 93.71%
2024-06-15 12:53:20 main.py INFO Face Anny is 96.62%
2024-06-15 12:53:20 main.py INFO Face Aditya is 93.86%
2024-06-15 12:53:21 main.py INFO Face Anny is 97.72%
2024-06-15 12:53:21 main.py INFO Face Aditya is 91.19%
2024-06-15 12:53:21 main.py INFO Face Anny is 95.14%
2024-06-15 12:53:21 main.py INFO Face Aditya is 93.72%
2024-06-15 12:53:21 main.py INFO Face Anny is 94.12%
2024-06-15 12:53:21 main.py INFO Face Aditya is 94.67%
2024-06-15 12:53:21 main.py INFO Face Anny is 95.4%
2024-06-15 12:53:21 main.py INFO Face Aditya is 94.72%
2024-06-15 12:53:21 main.py INFO Face Anny is 94.43%
2024-06-15 12:53:21 main.py INFO Face Aditya is 96.52%
2024-06-15 12:53:21 main.py INFO Face Anny is 92.9%
2024-06-15 12:53:21 main.py INFO Face Aditya is 96.17%
2024-06-15 12:53:21 main.py INFO Face Anny is 93.73%
2024-06-15 12:53:21 main.py INFO Face Aditya is 95.49%
2024-06-15 12:53:21 main.py INFO Face Anny is 93.81%
2024-06-15 12:53:21 main.py INFO Face Aditya is 94.21%
2024-06-15 12:53:22 main.py INFO Face Anny is 93.22%
2024-06-15 12:53:22 main.py INFO Face Aditya is 94.64%
2024-06-15 12:53:22 main.py INFO Face Anny is 92.9%
2024-06-15 12:53:22 main.py INFO Face Aditya is 95.68%
2024-06-15 12:53:22 main.py INFO Face Anny is 92.9%
2024-06-15 12:53:22 main.py INFO Face Aditya is 95.52%
2024-06-15 12:53:22 main.py INFO Face Anny is 93.17%
2024-06-15 12:53:22 main.py INFO Face Aditya is 95.03%
2024-06-15 12:53:22 main.py INFO Face Anny is 93.31%
2024-06-15 12:53:22 main.py INFO Face Aditya is 93.26%
2024-06-15 12:53:22 main.py INFO Face Anny is 93.67%
2024-06-15 12:53:22 main.py INFO Face Aditya is 93.15%
2024-06-15 12:53:22 main.py INFO Face Anny is 92.27%
2024-06-15 12:53:22 main.py INFO Face Aditya is 93.74%
2024-06-15 12:53:23 main.py INFO Face Anny is 92.43%
2024-06-15 12:53:23 main.py INFO Face Aditya is 93.56%
2024-06-15 12:53:23 main.py INFO Face Anny is 91.45%
2024-06-15 12:53:23 main.py INFO Face Aditya is 92.86%
2024-06-15 12:53:23 main.py INFO Face Anny is 92.98%
2024-06-15 12:53:23 main.py INFO Face Aditya is 91.83%
2024-06-15 12:53:23 main.py INFO Face Anny is 93.05%
2024-06-15 12:53:23 main.py INFO Face Aditya is 93.79%
2024-06-15 12:53:23 main.py INFO Face Anny is 94.07%
2024-06-15 12:53:23 main.py INFO Face Aditya is 91.44%
2024-06-15 12:53:23 main.py INFO Face Anny is 94.05%
2024-06-15 12:53:23 main.py INFO Face Aditya is 93.59%
2024-06-15 12:53:23 main.py INFO Face Anny is 93.05%
2024-06-15 12:53:23 main.py INFO Face Aditya is 95.34%
2024-06-15 12:53:23 main.py INFO Face Anny is 93.42%
2024-06-15 12:53:23 main.py INFO Face Aditya is 94.13%
2024-06-15 12:53:24 main.py INFO Face Anny is 93.33%
2024-06-15 12:53:24 main.py INFO Face Aditya is 95.67%
2024-06-15 12:53:24 main.py INFO Face Anny is 94.68%
2024-06-15 12:53:24 main.py INFO Face Aditya is 94.45%
2024-06-15 12:53:24 main.py INFO Face Anny is 94.6%
2024-06-15 12:53:24 main.py INFO Face Aditya is 94.21%
2024-06-15 12:53:24 main.py INFO Face Anny is 95.68%
2024-06-15 12:53:24 main.py INFO Face Aditya is 96.22%
2024-06-15 12:53:24 main.py INFO Face Anny is 94.9%
2024-06-15 12:53:24 main.py INFO Face Aditya is 94.64%
2024-06-15 12:53:24 main.py INFO Face Anny is 92.59%
2024-06-15 12:53:24 main.py INFO Face Aditya is 93.88%
2024-06-15 12:53:24 main.py INFO Face Anny is 94.07%
2024-06-15 12:53:24 main.py INFO Face Aditya is 94.68%
2024-06-15 12:53:25 main.py INFO Face Anny is 93.34%
2024-06-15 12:53:25 main.py INFO Face Aditya is 97.01%
2024-06-15 12:53:25 main.py INFO Face Anny is 94.49%
2024-06-15 12:53:25 main.py INFO Face Aditya is 95.3%
2024-06-15 12:53:25 main.py INFO Face Anny is 95.31%
2024-06-15 12:53:25 main.py INFO Face Aditya is 96.6%
2024-06-15 12:53:25 main.py INFO Face Anny is 94.55%
2024-06-15 12:53:25 main.py INFO Face Aditya is 95.9%
2024-06-15 12:53:25 main.py INFO Face Anny is 94.36%
2024-06-15 12:53:25 main.py INFO Face Aditya is 95.81%
2024-06-15 12:53:25 main.py INFO Face Anny is 94.92%
2024-06-15 12:53:25 main.py INFO Face Aditya is 95.04%
2024-06-15 12:53:25 main.py INFO Face Anny is 94.78%
2024-06-15 12:53:25 main.py INFO Face Aditya is 95.44%
2024-06-15 12:53:25 main.py INFO Face Anny is 95.22%
2024-06-15 12:53:25 main.py INFO Face Aditya is 96.16%
2024-06-15 12:53:26 main.py INFO Face Anny is 95.01%
2024-06-15 12:53:26 main.py INFO Face Aditya is 94.91%
2024-06-15 12:53:26 main.py INFO Face Anny is 96.14%
2024-06-15 12:53:26 main.py INFO Face Aditya is 95.87%
2024-06-15 12:53:26 main.py INFO Face Anny is 94.78%
2024-06-15 12:53:26 main.py INFO Face Aditya is 96.17%
2024-06-15 12:53:26 main.py INFO Face Anny is 95.76%
2024-06-15 12:53:26 main.py INFO Face Aditya is 98.55%
2024-06-15 12:53:26 main.py INFO Face Anny is 95.59%
2024-06-15 12:53:26 main.py INFO Face Aditya is 98.86%
2024-06-15 12:53:26 main.py INFO Face Anny is 95.69%
2024-06-15 12:53:26 main.py INFO Face Aditya is 95.41%
2024-06-15 12:53:26 main.py INFO Face Aditya is 96.01%
2024-06-15 12:53:26 main.py INFO Face Anny is 96.55%
2024-06-15 12:53:27 main.py INFO Face Anny is 95.17%
2024-06-15 12:53:27 main.py INFO Face Aditya is 95.88%
2024-06-15 12:53:27 main.py INFO Face Anny is 96.0%
2024-06-15 12:53:27 main.py INFO Face Aditya is 93.99%
2024-06-15 12:53:27 main.py INFO Face Anny is 94.21%
2024-06-15 12:53:27 main.py INFO Face Aditya is 94.23%
2024-06-15 12:53:27 main.py INFO Face Aditya is 95.62%
2024-06-15 12:53:27 main.py INFO Face Anny is 94.74%
2024-06-15 12:53:27 main.py INFO Face Anny is 94.55%
2024-06-15 12:53:27 main.py INFO Face Aditya is 95.99%
2024-06-15 12:53:27 main.py INFO Face Anny is 93.94%
2024-06-15 12:53:27 main.py INFO Face Aditya is 95.86%
2024-06-15 12:53:27 main.py INFO Face Anny is 93.96%
2024-06-15 12:53:27 main.py INFO Face Aditya is 96.39%
2024-06-15 12:53:27 main.py INFO Face Anny is 93.91%
2024-06-15 12:53:27 main.py INFO Face Aditya is 96.4%
2024-06-15 12:53:28 main.py INFO Face Anny is 94.42%
2024-06-15 12:53:28 main.py INFO Face Aditya is 95.29%
2024-06-15 12:53:28 main.py INFO Face Anny is 93.23%
2024-06-15 12:53:28 main.py INFO Face Aditya is 95.59%
2024-06-15 12:53:28 main.py INFO Face Anny is 94.33%
2024-06-15 12:53:28 main.py INFO Face Aditya is 96.18%
2024-06-15 12:53:28 main.py INFO Face Anny is 94.5%
2024-06-15 12:53:28 main.py INFO Face Aditya is 96.38%
2024-06-15 12:53:28 main.py INFO Face Aditya is 97.02%
2024-06-15 12:53:28 main.py INFO Face Anny is 93.83%
2024-06-15 12:53:28 main.py INFO Face Aditya is 94.48%
2024-06-15 12:53:28 main.py INFO Face Anny is 96.78%
2024-06-15 12:53:28 main.py INFO Face Anny is 94.22%
2024-06-15 12:53:28 main.py INFO Face Aditya is 95.38%
2024-06-15 12:53:29 main.py INFO Face Anny is 95.04%
2024-06-15 12:53:29 main.py INFO Face Aditya is 96.46%
2024-06-15 12:53:29 main.py INFO Face Anny is 93.96%
2024-06-15 12:53:29 main.py INFO Face Aditya is 97.06%
2024-06-15 12:53:29 main.py INFO Face Anny is 95.64%
2024-06-15 12:53:29 main.py INFO Face Aditya is 95.67%
2024-06-15 12:53:29 main.py INFO Face Anny is 94.04%
2024-06-15 12:53:29 main.py INFO Face Aditya is 96.72%
2024-06-15 12:53:29 main.py INFO Face Anny is 94.41%
2024-06-15 12:53:29 main.py INFO Face Aditya is 94.34%
2024-06-15 12:53:29 main.py INFO Face Anny is 94.36%
2024-06-15 12:53:29 main.py INFO Face Aditya is 95.47%
2024-06-15 12:53:29 main.py INFO Face Anny is 93.74%
2024-06-15 12:53:29 main.py INFO Face Aditya is 95.65%
2024-06-15 12:53:29 main.py INFO Face Anny is 93.6%
2024-06-15 12:53:29 main.py INFO Face Aditya is 96.29%
2024-06-15 12:53:30 main.py INFO Face Anny is 93.75%
2024-06-15 12:53:30 main.py INFO Face Aditya is 95.71%
2024-06-15 12:53:30 main.py INFO Face Anny is 94.53%
2024-06-15 12:53:30 main.py INFO Face Aditya is 95.96%
2024-06-15 12:53:30 main.py INFO Face Anny is 97.24%
2024-06-15 12:53:30 main.py INFO Face Aditya is 95.33%
2024-06-15 12:53:30 main.py INFO Face Anny is 94.63%
2024-06-15 12:53:30 main.py INFO Face Aditya is 92.69%
2024-06-15 12:53:30 main.py INFO Face Anny is 94.61%
2024-06-15 12:53:30 main.py INFO Face Aditya is 94.06%
2024-06-15 12:53:30 main.py INFO Face Anny is 94.49%
2024-06-15 12:53:30 main.py INFO Face Aditya is 95.98%
2024-06-15 12:53:30 main.py INFO Face Anny is 95.44%
2024-06-15 12:53:30 main.py INFO Face Aditya is 96.47%
2024-06-15 12:53:31 main.py INFO Face Anny is 95.55%
2024-06-15 12:53:31 main.py INFO Face Aditya is 95.46%
2024-06-15 12:53:31 main.py INFO Face Anny is 95.29%
2024-06-15 12:53:31 main.py INFO Face Aditya is 96.32%
2024-06-15 12:53:31 main.py INFO Face Anny is 94.65%
2024-06-15 12:53:31 main.py INFO Face Aditya is 95.41%
2024-06-15 12:53:31 main.py INFO Face Anny is 94.8%
2024-06-15 12:53:31 main.py INFO Face Aditya is 95.0%
2024-06-15 12:53:31 main.py INFO Face Anny is 95.1%
2024-06-15 12:53:31 main.py INFO Face Aditya is 97.07%
2024-06-15 12:53:31 main.py INFO Face Anny is 96.77%
2024-06-15 12:53:31 main.py INFO Face Aditya is 94.21%
2024-06-15 12:53:31 main.py INFO Face Anny is 94.76%
2024-06-15 12:53:31 main.py INFO Face Aditya is 94.76%
2024-06-15 12:53:31 main.py INFO Face Anny is 95.75%
2024-06-15 12:53:31 main.py INFO Face Aditya is 96.33%
2024-06-15 12:53:32 main.py INFO Face Anny is 94.85%
2024-06-15 12:53:32 main.py INFO Face Aditya is 96.2%
2024-06-15 12:53:32 main.py INFO Face Anny is 95.12%
2024-06-15 12:53:32 main.py INFO Face Aditya is 96.04%
2024-06-15 12:53:32 main.py INFO Face Anny is 94.42%
2024-06-15 12:53:32 main.py INFO Face Aditya is 98.69%
2024-06-15 12:53:32 main.py INFO Face Anny is 94.75%
2024-06-15 12:53:32 main.py INFO Face Anny is 94.94%
2024-06-15 12:53:32 main.py INFO Face Aditya is 99.41%
2024-06-15 12:53:32 main.py INFO Face Anny is 94.58%
2024-06-15 12:53:32 main.py INFO Face Aditya is 99.43%
2024-06-15 12:53:32 main.py INFO Face Anny is 95.71%
2024-06-15 12:53:32 main.py INFO Face Anny is 95.63%
2024-06-15 12:53:33 main.py INFO Face Anny is 94.16%
2024-06-15 12:53:33 main.py INFO Face Anny is 95.21%
2024-06-15 12:53:33 main.py INFO Face Anny is 94.41%
2024-06-15 12:53:33 main.py INFO Face Aditya is 98.3%
2024-06-15 12:53:33 main.py INFO Face Anny is 95.14%
2024-06-15 12:53:33 main.py INFO Face Aditya is 97.85%
2024-06-15 12:53:33 main.py INFO Face Anny is 94.39%
2024-06-15 12:53:33 main.py INFO Face Anny is 94.21%
2024-06-15 12:53:33 main.py INFO Face Aditya is 99.23%
2024-06-15 12:53:33 main.py INFO Face Anny is 95.14%
2024-06-15 12:53:33 main.py INFO Face Aditya is 97.08%
2024-06-15 12:53:33 main.py INFO Face Anny is 94.98%
2024-06-15 12:53:33 main.py INFO Face Aditya is 97.22%
2024-06-15 12:53:34 main.py INFO Face Anny is 95.51%
2024-06-15 12:53:34 main.py INFO Face Aditya is 97.73%
2024-06-15 12:53:34 main.py INFO Face Anny is 96.3%
2024-06-15 12:53:34 main.py INFO Face Aditya is 97.83%
2024-06-15 12:53:34 main.py INFO Face Anny is 96.36%
2024-06-15 12:53:34 main.py INFO Face Aditya is 97.5%
2024-06-15 12:53:34 main.py INFO Face Anny is 95.73%
2024-06-15 12:53:34 main.py INFO Face Aditya is 97.37%
2024-06-15 12:53:34 main.py INFO Face Anny is 95.3%
2024-06-15 12:53:34 main.py INFO Face Aditya is 97.24%
2024-06-15 12:53:34 main.py INFO Face Anny is 95.85%
2024-06-15 12:53:34 main.py INFO Face Aditya is 98.02%
2024-06-15 12:53:34 main.py INFO Face Anny is 94.36%
2024-06-15 12:53:34 main.py INFO Face Aditya is 97.59%
2024-06-15 12:53:34 main.py INFO Face Anny is 94.56%
2024-06-15 12:53:34 main.py INFO Face Aditya is 97.92%
2024-06-15 12:53:35 main.py INFO Face Anny is 95.38%
2024-06-15 12:53:35 main.py INFO Face Aditya is 97.24%
2024-06-15 12:53:35 main.py INFO Face Anny is 94.54%
2024-06-15 12:53:35 main.py INFO Face Aditya is 98.44%
2024-06-15 12:53:35 main.py INFO Face Anny is 95.49%
2024-06-15 12:53:35 main.py INFO Face Aditya is 97.8%
2024-06-15 12:53:35 main.py INFO Face Anny is 94.29%
2024-06-15 12:53:35 main.py INFO Face Aditya is 96.85%
2024-06-15 12:53:35 main.py INFO Face Anny is 95.23%
2024-06-15 12:53:35 main.py INFO Face Aditya is 98.62%
2024-06-15 12:53:35 main.py INFO Face Anny is 95.41%
2024-06-15 12:53:35 main.py INFO Face Aditya is 97.77%
2024-06-15 12:53:35 main.py INFO Face Anny is 94.31%
2024-06-15 12:53:35 main.py INFO Face Aditya is 97.4%
2024-06-15 12:53:36 main.py INFO Face Anny is 94.02%
2024-06-15 12:53:36 main.py INFO Face Aditya is 97.6%
2024-06-15 12:53:36 main.py INFO Face Anny is 94.15%
2024-06-15 12:53:36 main.py INFO Face Aditya is 98.04%
2024-06-15 12:53:36 main.py INFO Face Anny is 94.79%
2024-06-15 12:53:36 main.py INFO Face Aditya is 97.39%
2024-06-15 12:53:36 main.py INFO Face Anny is 95.62%
2024-06-15 12:53:36 main.py INFO Face Aditya is 95.91%
2024-06-15 12:53:36 main.py INFO Face Anny is 96.08%
2024-06-15 12:53:36 main.py INFO Face Aditya is 97.21%
2024-06-15 12:53:36 main.py INFO Face Anny is 96.97%
2024-06-15 12:53:36 main.py INFO Face Aditya is 98.18%
2024-06-15 12:53:36 main.py INFO Face Anny is 97.44%
2024-06-15 12:53:36 main.py INFO Face Aditya is 97.87%
2024-06-15 12:53:36 main.py INFO Face Aditya is 97.34%
2024-06-15 12:53:36 main.py INFO Face Anny is 99.9%
2024-06-15 12:53:37 main.py INFO Face Aditya is 98.35%
2024-06-15 12:53:37 main.py INFO Face Aditya is 98.38%
2024-06-15 12:53:37 main.py INFO Face Anny is 97.8%
2024-06-15 12:53:37 main.py INFO Face Aditya is 97.74%
2024-06-15 12:53:37 main.py INFO Face Anny is 96.92%
2024-06-15 12:53:37 main.py INFO Face Aditya is 97.74%
2024-06-15 12:53:37 main.py INFO Face Anny is 96.36%
2024-06-15 12:53:37 main.py INFO Face Aditya is 97.07%
2024-06-15 12:53:37 main.py INFO Face Anny is 96.05%
2024-06-15 12:53:37 main.py INFO Face Aditya is 97.03%
2024-06-15 12:53:37 main.py INFO Face Anny is 97.19%
2024-06-15 12:53:37 main.py INFO Face Aditya is 97.56%
2024-06-15 12:53:37 main.py INFO Face Anny is 96.35%
2024-06-15 12:53:37 main.py INFO Face Aditya is 97.0%
2024-06-15 12:53:38 main.py INFO Face Anny is 98.47%
2024-06-15 12:53:38 main.py INFO Face Aditya is 97.03%
2024-06-15 12:53:38 main.py INFO Face Anny is 96.46%
2024-06-15 12:53:38 main.py INFO Face Aditya is 98.65%
2024-06-15 12:53:38 main.py INFO Face Anny is 99.17%
2024-06-15 12:53:38 main.py INFO Face Aditya is 98.79%
2024-06-15 12:53:38 main.py INFO Face Anny is 98.86%
2024-06-15 12:53:38 main.py INFO Face Anny is 99.73%
2024-06-15 12:53:38 main.py INFO Face Anny is 99.14%
2024-06-15 12:53:38 main.py INFO Face Anny is 97.69%
2024-06-15 12:53:38 main.py INFO Face Anny is 97.35%
2024-06-15 12:53:38 main.py INFO Face Anny is 97.46%
2024-06-15 12:53:39 main.py INFO Face Anny is 96.94%
2024-06-15 12:53:39 main.py INFO Face Anny is 98.26%
2024-06-15 12:53:39 main.py INFO Face Anny is 98.11%
2024-06-15 12:53:39 main.py INFO Face Jethalal is 96.44%
2024-06-15 12:53:39 main.py INFO Face Anny is 97.83%
2024-06-15 12:53:39 main.py INFO Face Anny is 98.3%
2024-06-15 12:53:39 main.py INFO Face Anny is 97.76%
2024-06-15 12:53:39 main.py INFO Face Anny is 98.9%
2024-06-15 12:53:39 main.py INFO Face Anny is 99.72%
2024-06-15 12:53:40 main.py INFO Face Aditya is 99.04%
2024-06-15 12:53:40 main.py INFO Face Aditya is 98.86%
2024-06-15 12:53:40 main.py INFO Face Aditya is 98.78%
2024-06-15 12:53:40 main.py INFO Face Aditya is 98.42%
2024-06-15 12:53:40 main.py INFO Face Aditya is 98.54%
2024-06-15 12:53:40 main.py INFO Face Aditya is 98.55%
2024-06-15 12:53:40 main.py INFO Face Aditya is 99.04%
2024-06-15 12:53:40 main.py INFO Face Aditya is 98.07%
2024-06-15 12:53:41 main.py INFO Face Aditya is 97.99%
2024-06-15 12:53:41 main.py INFO Face Aditya is 98.04%
2024-06-15 12:53:41 main.py INFO Face Aditya is 98.91%
2024-06-15 12:53:41 main.py INFO Face Aditya is 97.5%
2024-06-15 12:53:41 main.py INFO Face Aditya is 98.35%
2024-06-15 12:53:41 main.py INFO Face Aditya is 97.14%
2024-06-15 12:53:42 main.py INFO Face Aditya is 100.0%
2024-06-15 12:53:42 main.py INFO Face Jethalal is 96.3%
2024-06-15 12:53:43 main.py INFO Face Aradhya is 99.99%
2024-06-15 12:53:43 main.py INFO Face Jethalal is 98.92%
2024-06-15 12:53:43 main.py INFO Face Jethalal is 98.23%
2024-06-15 12:53:43 main.py INFO Face Aditya is 99.98%
2024-06-15 12:53:43 main.py INFO Face Jethalal is 98.91%
2024-06-15 12:53:43 main.py INFO Face Anny is 99.59%
2024-06-15 12:53:43 main.py INFO Face Anny is 99.94%
2024-06-15 12:53:43 main.py INFO Face Jethalal is 97.74%
2024-06-15 12:53:43 main.py INFO Face Anny is 99.51%
2024-06-15 12:53:43 main.py INFO Face Jethalal is 95.17%
2024-06-15 12:53:43 main.py INFO Face Jethalal is 96.31%
2024-06-15 12:53:43 main.py INFO Face Anny is 99.43%
2024-06-15 12:53:43 main.py INFO Face Anny is 99.71%
2024-06-15 12:53:43 main.py INFO Face Jethalal is 97.11%
2024-06-15 12:53:44 main.py INFO Face Anny is 98.55%
2024-06-15 12:53:44 main.py INFO Face Jethalal is 94.48%
2024-06-15 12:53:44 main.py INFO Face Anny is 99.05%
2024-06-15 12:53:44 main.py INFO Face Jethalal is 99.02%
2024-06-15 12:53:44 main.py INFO Face Anny is 99.5%
2024-06-15 12:53:44 main.py INFO Face Jethalal is 95.55%
2024-06-15 12:53:44 main.py INFO Face Anny is 99.58%
2024-06-15 12:53:44 main.py INFO Face Anny is 99.43%
2024-06-15 12:53:44 main.py INFO Face Jethalal is 99.75%
2024-06-15 12:53:44 main.py INFO Face Anny is 99.25%
2024-06-15 12:53:44 main.py INFO Face Anny is 98.77%
2024-06-15 12:53:44 main.py INFO Face Jethalal is 97.26%
2024-06-15 12:53:44 main.py INFO Face Anny is 98.48%
2024-06-15 12:53:45 main.py INFO Face Anny is 98.22%
2024-06-15 12:53:45 main.py INFO Face Anny is 98.18%
2024-06-15 12:53:45 main.py INFO Face Anny is 97.84%
2024-06-15 12:53:45 main.py INFO Face Jethalal is 98.45%
2024-06-15 12:53:45 main.py INFO Face Anny is 98.03%
2024-06-15 12:53:45 main.py INFO Face Anny is 97.91%
2024-06-15 12:53:45 main.py INFO Face Jethalal is 97.77%
2024-06-15 12:53:45 main.py INFO Face Anny is 98.33%
2024-06-15 12:53:45 main.py INFO Face Jethalal is 98.35%
2024-06-15 12:53:45 main.py INFO Face Anny is 97.99%
2024-06-15 12:53:45 main.py INFO Face Jethalal is 94.97%
2024-06-15 12:53:45 main.py INFO Face Anny is 99.71%
2024-06-15 12:53:45 main.py INFO Face Jethalal is 97.88%
2024-06-15 12:53:45 main.py INFO Face Anny is 98.28%
2024-06-15 12:53:45 main.py INFO Face Anny is 99.03%
2024-06-15 12:53:46 main.py INFO Face Anny is 97.25%
2024-06-15 12:53:46 main.py INFO Face Anny is 99.46%
2024-06-15 12:53:46 main.py INFO Face Jethalal is 96.56%
2024-06-15 12:53:46 main.py INFO Face Anny is 99.31%
2024-06-15 12:53:46 main.py INFO Face Anny is 98.86%
2024-06-15 12:53:46 main.py INFO Face Anny is 95.98%
2024-06-15 12:53:46 main.py INFO Face Anny is 96.37%
2024-06-15 12:53:46 main.py INFO Face Anny is 96.36%
2024-06-15 12:53:46 main.py INFO Face Anny is 95.15%
2024-06-15 12:53:46 main.py INFO Face Anny is 96.3%
2024-06-15 12:53:46 main.py INFO Face Anny is 95.69%
2024-06-15 12:53:47 main.py INFO Face Anny is 95.29%
2024-06-15 12:53:47 main.py INFO Face Anny is 97.95%
2024-06-15 12:53:47 main.py INFO Face Anny is 96.2%
2024-06-15 12:53:47 main.py INFO Face Anny is 96.82%
2024-06-15 12:53:47 main.py INFO Face Aditya is 96.8%
2024-06-15 12:53:47 main.py INFO Face Anny is 95.89%
2024-06-15 12:53:47 main.py INFO Face Anny is 95.55%
2024-06-15 12:53:47 main.py INFO Face Anny is 97.17%
2024-06-15 12:53:47 main.py INFO Face Aditya is 98.24%
2024-06-15 12:53:47 main.py INFO Face Anny is 97.54%
2024-06-15 12:53:47 main.py INFO Face Aditya is 98.8%
2024-06-15 12:53:47 main.py INFO Face Anny is 96.95%
2024-06-15 12:53:47 main.py INFO Face Aditya is 96.54%
2024-06-15 12:53:48 main.py INFO Face Aditya is 99.15%
2024-06-15 12:53:48 main.py INFO Face Jethalal is 99.81%
2024-06-15 12:53:48 main.py INFO Face Aditya is 99.15%
2024-06-15 12:53:48 main.py INFO Face Aditya is 97.62%
2024-06-15 12:53:48 main.py INFO Face Aditya is 93.1%
2024-06-15 12:53:48 main.py INFO Face Aditya is 91.81%
2024-06-15 12:53:48 main.py INFO Face Aditya is 93.08%
2024-06-15 12:53:48 main.py INFO Face Aditya is 93.23%
2024-06-15 12:53:48 main.py INFO Face Aditya is 94.06%
2024-06-15 12:53:49 main.py INFO Face Aditya is 95.46%
2024-06-15 12:53:49 main.py INFO Face Aditya is 95.06%
2024-06-15 12:53:49 main.py INFO Face Aditya is 98.55%
2024-06-15 12:53:49 main.py INFO Face Jethalal is 99.65%
2024-06-15 12:53:49 main.py INFO Face Jethalal is 99.84%
2024-06-15 12:53:49 main.py INFO Face Aditya is 99.75%
2024-06-15 12:53:49 main.py INFO Face Aditya is 99.29%
2024-06-15 12:53:49 main.py INFO Face Aditya is 98.21%
2024-06-15 12:53:50 main.py INFO Face Aditya is 95.07%
2024-06-15 12:53:50 main.py INFO Face Aditya is 93.34%
2024-06-15 12:53:50 main.py INFO Face Aditya is 95.77%
2024-06-15 12:53:50 main.py INFO Face Aditya is 95.2%
2024-06-15 12:53:50 main.py INFO Face Aditya is 95.38%
2024-06-15 12:53:50 main.py INFO Face Aditya is 93.8%
2024-06-15 12:53:50 main.py INFO Face Aditya is 95.81%
2024-06-15 12:53:50 main.py INFO Face Aditya is 94.61%
2024-06-15 12:53:50 main.py INFO Face Aditya is 95.08%
2024-06-15 12:53:51 main.py INFO Face Aditya is 96.37%
2024-06-15 12:53:51 main.py INFO Face Aditya is 96.36%
2024-06-15 12:53:51 main.py INFO Face Aditya is 96.04%
2024-06-15 12:53:51 main.py INFO Face Aditya is 95.81%
2024-06-15 12:53:51 main.py INFO Face Aditya is 95.83%
2024-06-15 12:53:51 main.py INFO Face Aditya is 96.49%
2024-06-15 12:53:51 main.py INFO Face Aditya is 96.05%
2024-06-15 12:53:52 main.py INFO Face Aditya is 95.73%
2024-06-15 12:53:52 main.py INFO Face Aditya is 96.35%
2024-06-15 12:53:52 main.py INFO Face Aditya is 97.98%
2024-06-15 12:53:52 main.py INFO Face Aditya is 96.88%
2024-06-15 12:53:52 main.py INFO Face Aditya is 99.98%
2024-06-15 12:53:52 main.py INFO Face Aditya is 99.67%
2024-06-15 12:53:53 main.py INFO Face Aditya is 99.73%
2024-06-15 12:53:53 main.py INFO Face Aditya is 98.79%
2024-06-15 12:53:53 main.py INFO Face Aditya is 98.75%
2024-06-15 12:53:53 main.py INFO Face Aditya is 98.65%
2024-06-15 12:53:53 main.py INFO Face Aditya is 99.29%
2024-06-15 12:53:53 main.py INFO Face Aditya is 97.7%
2024-06-15 12:53:53 main.py INFO Face Aditya is 96.63%
2024-06-15 12:53:53 main.py INFO Face Aditya is 96.71%
2024-06-15 12:53:53 main.py INFO Face Aditya is 94.81%
2024-06-15 12:53:53 main.py INFO Face Anny is 99.66%
2024-06-15 12:53:53 main.py INFO Face Aditya is 97.85%
2024-06-15 12:53:54 main.py INFO Face Aditya is 96.68%
2024-06-15 12:53:54 main.py INFO Face Aditya is 97.87%
2024-06-15 12:53:54 main.py INFO Face Aditya is 96.97%
2024-06-15 12:53:54 main.py INFO Face Aditya is 97.59%
2024-06-15 12:53:54 main.py INFO Face Aditya is 99.15%
2024-06-15 12:53:54 main.py INFO Face Aditya is 98.72%
2024-06-15 12:53:54 main.py INFO Face Aditya is 99.1%
2024-06-15 12:53:54 main.py INFO Face Smit is 99.19%
2024-06-15 12:53:54 main.py INFO Face Aditya is 98.07%
2024-06-15 12:53:55 main.py INFO Face Aditya is 97.19%
2024-06-15 12:53:55 main.py INFO Face Aditya is 95.89%
2024-06-15 12:53:55 main.py INFO Face Aditya is 96.67%
2024-06-15 12:53:55 main.py INFO Face Aditya is 97.15%
2024-06-15 12:53:55 main.py INFO Face Aditya is 97.51%
2024-06-15 12:53:55 main.py INFO Face Aditya is 97.52%
2024-06-15 12:53:55 main.py INFO Face Aditya is 96.83%
2024-06-15 12:53:55 main.py INFO Face Aditya is 96.83%
2024-06-15 12:53:55 main.py INFO Face Aditya is 97.02%
2024-06-15 12:53:55 main.py INFO Face Aditya is 97.14%
2024-06-15 12:53:56 main.py INFO Face Aditya is 98.1%
2024-06-15 12:53:56 main.py INFO Face Aditya is 95.87%
2024-06-15 12:53:56 main.py INFO Face Aditya is 96.19%
2024-06-15 12:53:56 main.py INFO Face Aditya is 96.51%
2024-06-15 12:53:56 main.py INFO Face Aditya is 96.24%
2024-06-15 12:53:56 main.py INFO Face Aditya is 95.99%
2024-06-15 12:53:56 main.py INFO Face Aditya is 95.93%
2024-06-15 12:53:56 main.py INFO Face Aditya is 96.4%
2024-06-15 12:53:56 main.py INFO Face Aditya is 96.0%
2024-06-15 12:53:56 main.py INFO Face Aditya is 94.92%
2024-06-15 12:53:57 main.py INFO Face Aditya is 94.64%
2024-06-15 12:53:57 main.py INFO Face Aditya is 95.77%
2024-06-15 12:53:57 main.py INFO Face Aditya is 97.41%
2024-06-15 12:53:57 main.py INFO Face Aditya is 95.59%
2024-06-15 12:53:57 main.py INFO Face Aditya is 95.95%
2024-06-15 12:53:57 main.py INFO Face Aditya is 95.84%
2024-06-15 12:53:57 main.py INFO Face Aditya is 95.94%
2024-06-15 12:53:57 main.py INFO Face Aditya is 96.05%
2024-06-15 12:53:57 main.py INFO Face Aditya is 94.41%
2024-06-15 12:53:57 main.py INFO Face Aditya is 95.79%
2024-06-15 12:53:58 main.py INFO Face Aditya is 93.03%
2024-06-15 12:53:58 main.py INFO Face Aditya is 95.77%
2024-06-15 12:53:58 main.py INFO Face Aditya is 95.96%
2024-06-15 12:53:58 main.py INFO Face Aditya is 96.1%
2024-06-15 12:53:58 main.py INFO Face Aditya is 97.19%
2024-06-15 12:53:58 main.py INFO Face Aditya is 97.7%
2024-06-15 12:53:58 main.py INFO Face Aditya is 96.65%
2024-06-15 12:53:58 main.py INFO Face Aditya is 97.5%
2024-06-15 12:53:58 main.py INFO Face Aditya is 96.56%
2024-06-15 12:53:58 main.py INFO Face Aditya is 96.36%
2024-06-15 12:53:59 main.py INFO Face Aditya is 94.15%
2024-06-15 12:53:59 main.py INFO Face Aditya is 94.91%
2024-06-15 12:53:59 main.py INFO Face Aditya is 96.18%
2024-06-15 12:53:59 main.py INFO Face Aditya is 95.87%
2024-06-15 12:53:59 main.py INFO Face Aditya is 95.94%
2024-06-15 12:53:59 main.py INFO Face Aditya is 98.15%
2024-06-15 12:53:59 main.py INFO Face Aditya is 98.64%
2024-06-15 12:53:59 main.py INFO Face Aditya is 97.75%
2024-06-15 12:53:59 main.py INFO Face Aditya is 99.32%
2024-06-15 12:53:59 main.py INFO Face Aditya is 99.74%
2024-06-15 12:54:01 main.py INFO Face Aditya is 98.69%
2024-06-15 12:54:01 main.py INFO Face Aditya is 97.61%
2024-06-15 12:54:01 main.py INFO Face Aditya is 93.09%
2024-06-15 12:54:01 main.py INFO Face Aditya is 94.54%
2024-06-15 12:54:01 main.py INFO Face Aditya is 94.4%
2024-06-15 12:54:01 main.py INFO Face Aditya is 96.16%
2024-06-15 12:54:01 main.py INFO Face Aditya is 93.98%
2024-06-15 12:54:01 main.py INFO Face Aditya is 94.06%
2024-06-15 12:54:01 main.py INFO Face Aditya is 95.2%
2024-06-15 12:54:02 main.py INFO Face Aditya is 93.63%
2024-06-15 12:54:02 main.py INFO Face Aditya is 94.93%
2024-06-15 12:54:02 main.py INFO Face Aditya is 93.64%
2024-06-15 12:54:02 main.py INFO Face Aditya is 92.7%
2024-06-15 12:54:02 main.py INFO Face Aditya is 93.58%
2024-06-15 12:54:02 main.py INFO Face Aditya is 96.57%
2024-06-15 12:54:02 main.py INFO Face Aditya is 96.08%
2024-06-15 12:54:02 main.py INFO Face Aditya is 95.76%
2024-06-15 12:54:02 main.py INFO Face Aditya is 97.48%
2024-06-15 12:54:02 main.py INFO Face Aditya is 94.65%
2024-06-15 12:54:03 main.py INFO Face Aditya is 95.03%
2024-06-15 12:54:03 main.py INFO Face Aditya is 95.23%
2024-06-15 12:54:03 main.py INFO Face Aditya is 96.27%
2024-06-15 12:54:03 main.py INFO Face Aditya is 93.52%
2024-06-15 12:54:03 main.py INFO Face Aditya is 91.59%
2024-06-15 12:54:03 main.py INFO Face Aditya is 96.67%
2024-06-15 12:54:03 main.py INFO Face Aditya is 94.43%
2024-06-15 12:54:03 main.py INFO Face Aditya is 98.09%
2024-06-15 12:54:03 main.py INFO Face Aditya is 96.17%
2024-06-15 12:54:03 main.py INFO Face Aditya is 96.24%
2024-06-15 12:54:04 main.py INFO Face Aditya is 96.63%
2024-06-15 12:54:04 main.py INFO Face Aditya is 97.63%
2024-06-15 12:54:04 main.py INFO Face Aditya is 97.64%
2024-06-15 12:54:04 main.py INFO Face Aditya is 97.01%
2024-06-15 12:54:04 main.py INFO Face Aditya is 98.69%
2024-06-15 12:54:04 main.py INFO Face Aditya is 98.98%
2024-06-15 12:54:04 main.py INFO Face Aditya is 99.24%
2024-06-15 12:54:04 main.py INFO Face Aditya is 99.18%
2024-06-15 12:54:04 main.py INFO Face Aditya is 99.68%
2024-06-15 12:54:04 main.py INFO Face Aditya is 98.55%
2024-06-15 12:54:05 main.py INFO Face Aditya is 96.13%
2024-06-15 12:54:05 main.py INFO Face Aditya is 96.97%
2024-06-15 12:54:05 main.py INFO Face Aditya is 97.17%
2024-06-15 12:54:05 main.py INFO Face Aditya is 97.15%
2024-06-15 12:54:05 main.py INFO Face Aditya is 97.85%
2024-06-15 12:54:05 main.py INFO Face Aditya is 96.51%
2024-06-15 12:54:05 main.py INFO Face Aditya is 96.42%
2024-06-15 12:54:05 main.py INFO Face Aditya is 95.62%
2024-06-15 12:54:05 main.py INFO Face Aditya is 95.49%
2024-06-15 12:54:05 main.py INFO Face Aditya is 95.28%
2024-06-15 12:54:06 main.py INFO Face Aditya is 96.35%
2024-06-15 12:54:06 main.py INFO Face Aditya is 95.47%
2024-06-15 12:54:06 main.py INFO Face Aditya is 96.2%
2024-06-15 12:54:06 main.py INFO Face Aditya is 95.87%
2024-06-15 12:54:06 main.py INFO Face Aditya is 96.37%
2024-06-15 12:54:06 main.py INFO Face Aditya is 95.53%
2024-06-15 12:54:06 main.py INFO Face Aditya is 96.87%
2024-06-15 12:54:06 main.py INFO Face Aditya is 94.83%
2024-06-15 12:54:06 main.py INFO Face Aditya is 94.12%
2024-06-15 12:54:06 main.py INFO Face Aditya is 97.01%
2024-06-15 12:54:07 main.py INFO Face Aditya is 96.66%
2024-06-15 12:54:07 main.py INFO Face Aditya is 95.4%
2024-06-15 12:54:07 main.py INFO Face Aditya is 96.5%
2024-06-15 12:54:07 main.py INFO Face Aditya is 96.56%
2024-06-15 12:54:07 main.py INFO Face Aditya is 95.05%
2024-06-15 12:54:07 main.py INFO Face Aditya is 96.15%
2024-06-15 12:54:07 main.py INFO Face Aditya is 95.62%
2024-06-15 12:54:07 main.py INFO Face Aditya is 95.3%
2024-06-15 12:54:07 main.py INFO Face Aditya is 96.03%
2024-06-15 12:54:07 main.py INFO Face Aditya is 95.29%
2024-06-15 12:54:08 main.py INFO Face Aditya is 95.99%
2024-06-15 12:54:08 main.py INFO Face Aditya is 95.78%
2024-06-15 12:54:08 main.py INFO Face Aditya is 97.11%
2024-06-15 12:54:08 main.py INFO Face Aditya is 95.99%
2024-06-15 12:54:08 main.py INFO Face Aditya is 96.32%
2024-06-15 12:54:08 main.py INFO Face Aditya is 95.02%
2024-06-15 12:54:08 main.py INFO Face Aditya is 97.68%
2024-06-15 12:54:08 main.py INFO Face Aditya is 94.58%
2024-06-15 12:54:08 main.py INFO Face Aditya is 97.92%
2024-06-15 12:54:08 main.py INFO Face Aditya is 98.0%
2024-06-15 12:54:09 main.py INFO Face Aditya is 95.54%
2024-06-15 12:54:09 main.py INFO Face Aditya is 97.15%
2024-06-15 12:54:09 main.py INFO Face Aditya is 97.6%
2024-06-15 12:54:09 main.py INFO Face Aditya is 98.09%
2024-06-15 12:54:09 main.py INFO Face Aditya is 97.09%
2024-06-15 12:54:09 main.py INFO Face Aditya is 93.99%
2024-06-15 12:54:09 main.py INFO Face Aditya is 95.11%
2024-06-15 12:54:09 main.py INFO Face Aditya is 94.89%
2024-06-15 12:54:09 main.py INFO Face Aditya is 95.79%
2024-06-15 12:54:09 main.py INFO Face Aditya is 94.99%
2024-06-15 12:54:10 main.py INFO Face Aditya is 94.14%
2024-06-15 12:54:10 main.py INFO Face Aditya is 94.79%
2024-06-15 12:54:10 main.py INFO Face Aditya is 95.59%
2024-06-15 12:54:10 main.py INFO Face Aditya is 94.32%
2024-06-15 12:54:10 main.py INFO Face Aditya is 96.62%
2024-06-15 12:54:10 main.py INFO Face Aditya is 94.23%
2024-06-15 12:54:10 main.py INFO Face Aditya is 92.73%
2024-06-15 12:54:10 main.py INFO Face Aditya is 93.22%
2024-06-15 12:54:10 main.py INFO Face Aditya is 97.0%
2024-06-15 12:54:10 main.py INFO Face Aditya is 94.54%
2024-06-15 12:54:11 main.py INFO Face Aditya is 96.53%
2024-06-15 12:54:11 main.py INFO Face Aditya is 96.08%
2024-06-15 12:54:11 main.py INFO Face Aditya is 95.96%
2024-06-15 12:54:11 main.py INFO Face Aditya is 93.92%
2024-06-15 12:54:11 main.py INFO Face Aditya is 94.33%
2024-06-15 12:54:11 main.py INFO Face Aditya is 96.05%
2024-06-15 12:54:11 main.py INFO Face Aditya is 95.73%
2024-06-15 12:54:11 main.py INFO Face Aditya is 96.09%
2024-06-15 12:54:11 main.py INFO Face Aditya is 94.19%
2024-06-15 12:54:11 main.py INFO Face Aditya is 95.51%
2024-06-15 12:54:12 main.py INFO Face Aditya is 95.97%
2024-06-15 12:54:12 main.py INFO Face Aditya is 94.47%
2024-06-15 12:54:12 main.py INFO Face Aditya is 95.46%
2024-06-15 12:54:12 main.py INFO Face Aditya is 94.85%
2024-06-15 12:54:12 main.py INFO Face Aditya is 94.58%
2024-06-15 12:54:12 main.py INFO Face Aditya is 96.04%
2024-06-15 12:54:12 main.py INFO Face Aditya is 97.14%
2024-06-15 12:54:12 main.py INFO Face Aditya is 94.44%
2024-06-15 12:54:12 main.py INFO Face Aditya is 95.8%
2024-06-15 12:54:12 main.py INFO Face Aditya is 93.87%
2024-06-15 12:54:13 main.py INFO Face Aditya is 95.83%
2024-06-15 12:54:13 main.py INFO Face Aditya is 98.51%
2024-06-15 12:54:13 main.py INFO Face Aditya is 98.67%
2024-06-15 12:54:13 main.py INFO Face Aditya is 98.97%
2024-06-15 12:54:13 main.py INFO Face Aditya is 99.14%
2024-06-15 12:54:13 main.py INFO Face Aditya is 96.88%
2024-06-15 12:54:13 main.py INFO Face Aditya is 99.42%
2024-06-15 12:54:13 main.py INFO Face Aditya is 98.43%
2024-06-15 12:54:13 main.py INFO Face Aditya is 97.61%
2024-06-15 12:54:13 main.py INFO Face Aditya is 95.67%
2024-06-15 12:54:14 main.py INFO Face Aditya is 95.66%
2024-06-15 12:54:14 main.py INFO Face Aditya is 94.78%
2024-06-15 12:54:14 main.py INFO Face Aditya is 95.25%
2024-06-15 12:54:14 main.py INFO Face Aditya is 96.23%
2024-06-15 12:54:14 main.py INFO Face Aditya is 99.4%
2024-06-15 12:54:14 main.py INFO Face Aditya is 95.8%
2024-06-15 12:54:14 main.py INFO Face Aditya is 96.88%
2024-06-15 12:54:14 main.py INFO Face Aditya is 93.28%
2024-06-15 12:54:14 main.py INFO Face Aditya is 96.41%
2024-06-15 12:54:14 main.py INFO Face Aditya is 96.21%
2024-06-15 12:54:15 main.py INFO Face Aditya is 95.89%
2024-06-15 12:54:15 main.py INFO Face Aditya is 96.2%
2024-06-15 12:54:15 main.py INFO Face Aditya is 95.33%
2024-06-15 12:54:15 main.py INFO Face Aditya is 95.68%
2024-06-15 12:54:15 main.py INFO Face Aditya is 94.4%
2024-06-15 12:54:15 main.py INFO Face Aditya is 94.04%
2024-06-15 12:54:15 main.py INFO Face Aditya is 94.66%
2024-06-15 12:54:15 main.py INFO Face Aditya is 95.38%
2024-06-15 12:54:15 main.py INFO Face Aditya is 95.6%
2024-06-15 12:54:16 main.py INFO Face Aditya is 95.75%
2024-06-15 12:54:16 main.py INFO Face Aditya is 94.1%
2024-06-15 12:54:16 main.py INFO Face Aditya is 96.05%
2024-06-15 12:54:16 main.py INFO Face Aditya is 95.44%
2024-06-15 12:54:16 main.py INFO Face Aditya is 95.36%
2024-06-15 12:54:16 main.py INFO Face Aditya is 95.12%
2024-06-15 12:54:16 main.py INFO Face Aditya is 98.96%
2024-06-15 12:54:16 main.py INFO Face Aditya is 99.48%
2024-06-15 12:54:16 main.py INFO Face Aditya is 99.61%
2024-06-15 12:54:17 main.py INFO Face Aditya is 99.83%
2024-06-15 12:54:17 main.py INFO Face Aditya is 99.55%
2024-06-15 12:54:17 main.py INFO Face Aditya is 99.62%
2024-06-15 12:54:17 main.py INFO Face Aditya is 99.49%
2024-06-15 12:54:17 main.py INFO Face Aditya is 99.86%
2024-06-15 12:54:17 main.py INFO Face Smit is 99.85%
2024-06-15 12:54:17 main.py INFO Face Smit is 99.28%
2024-06-15 12:54:17 main.py INFO Face Smit is 98.46%
2024-06-15 12:54:17 main.py INFO Face Smit is 98.48%
2024-06-15 12:54:17 main.py INFO Face Smit is 99.63%
2024-06-15 12:54:18 main.py INFO Face Smit is 99.45%
2024-06-15 12:54:18 main.py INFO Face Smit is 99.21%
2024-06-15 12:54:18 main.py INFO Face Aditya is 99.42%
2024-06-15 12:54:18 main.py INFO Face Aditya is 99.64%
2024-06-15 12:54:18 main.py INFO Face Aditya is 98.72%
2024-06-15 12:54:18 main.py INFO Face Aditya is 98.64%
2024-06-15 12:54:18 main.py INFO Face Aditya is 98.3%
2024-06-15 12:54:18 main.py INFO Face Aditya is 97.01%
2024-06-15 12:54:18 main.py INFO Face Aditya is 97.15%
2024-06-15 12:54:18 main.py INFO Face Aditya is 98.1%
2024-06-15 12:54:19 main.py INFO Face Aditya is 97.35%
2024-06-15 12:54:19 main.py INFO Face Aditya is 96.22%
2024-06-15 12:54:19 main.py INFO Face Aditya is 97.0%
2024-06-15 12:54:19 main.py INFO Face Aditya is 97.65%
2024-06-15 12:54:19 main.py INFO Face Aditya is 98.79%
2024-06-15 12:54:19 main.py INFO Face Aditya is 99.27%
2024-06-15 12:54:19 main.py INFO Face Aditya is 99.77%
2024-06-15 12:54:19 main.py INFO Face Aditya is 98.62%
2024-06-15 12:54:19 main.py INFO Face Aditya is 97.19%
2024-06-15 12:54:19 main.py INFO Face Aditya is 98.5%
2024-06-15 12:54:20 main.py INFO Face Aditya is 98.02%
2024-06-15 12:54:20 main.py INFO Face Aditya is 97.17%
2024-06-15 12:54:20 main.py INFO Face Aditya is 97.54%
2024-06-15 12:54:20 main.py INFO Face Aditya is 98.56%
2024-06-15 12:54:20 main.py INFO Face Aditya is 98.78%
2024-06-15 12:54:20 main.py INFO Face Aditya is 99.63%
2024-06-15 12:54:20 main.py INFO Face Aditya is 99.87%
2024-06-15 12:54:20 main.py INFO Face Aditya is 98.87%
2024-06-15 12:54:20 main.py INFO Face Aditya is 98.45%
2024-06-15 12:54:21 main.py INFO Face Aditya is 98.53%
2024-06-15 12:54:21 main.py INFO Face Aditya is 99.08%
2024-06-15 12:54:21 main.py INFO Face Aditya is 99.32%
2024-06-15 12:54:21 main.py INFO Face Aditya is 98.3%
2024-06-15 12:54:21 main.py INFO Face Aditya is 98.79%
2024-06-15 12:54:21 main.py INFO Face Aditya is 98.74%
2024-06-15 12:54:21 main.py INFO Face Aditya is 99.6%
2024-06-15 12:54:21 main.py INFO Face Aditya is 99.26%
2024-06-15 12:54:21 main.py INFO Face Aditya is 98.81%
2024-06-15 12:54:21 main.py INFO Face Aditya is 96.96%
2024-06-15 12:54:21 main.py INFO Face Aditya is 95.64%
2024-06-15 12:54:22 main.py INFO Face Aditya is 95.35%
2024-06-15 12:54:22 main.py INFO Face Aditya is 97.4%
2024-06-15 12:54:22 main.py INFO Face Aditya is 95.98%
2024-06-15 12:54:22 main.py INFO Face Aditya is 99.55%
2024-06-15 12:54:22 main.py INFO Face Aditya is 98.78%
2024-06-15 12:54:22 main.py INFO Face Aditya is 99.29%
2024-06-15 12:54:22 main.py INFO Face Aditya is 96.6%
2024-06-15 12:54:22 main.py INFO Face Aditya is 97.95%
2024-06-15 12:54:23 main.py INFO Face Aditya is 96.71%
2024-06-15 12:54:23 main.py INFO Face Aditya is 96.95%
2024-06-15 12:54:23 main.py INFO Face Aditya is 99.6%
2024-06-15 12:54:23 main.py INFO Face Smit is 99.18%
2024-06-15 12:54:24 main.py INFO Face Smit is 99.53%
2024-06-15 12:54:24 main.py INFO Face Aditya is 97.62%
2024-06-15 12:54:24 main.py INFO Face Aditya is 99.09%
2024-06-15 12:54:24 main.py INFO Face Aditya is 98.1%
2024-06-15 12:54:25 main.py INFO Face Aditya is 98.74%
2024-06-15 12:54:25 main.py INFO Face Aditya is 99.68%
2024-06-15 12:54:25 main.py INFO Face Aditya is 99.19%
2024-06-15 12:54:25 main.py INFO Face Aditya is 97.61%
2024-06-15 12:54:26 main.py INFO Face Aditya is 97.78%
2024-06-15 12:54:26 main.py INFO Face Aditya is 96.68%
2024-06-15 12:54:26 main.py INFO Face Aditya is 96.93%
2024-06-15 12:54:26 main.py INFO Face Aditya is 97.74%
2024-06-15 12:54:26 main.py INFO Face Aditya is 96.64%
2024-06-15 12:54:26 main.py INFO Face Aditya is 98.44%
2024-06-15 12:54:26 main.py INFO Face Aditya is 97.59%
2024-06-15 12:54:26 main.py INFO Face Aditya is 99.66%
2024-06-15 12:54:26 main.py INFO Face Aditya is 98.7%
2024-06-15 12:54:26 main.py INFO Face Aditya is 98.58%
2024-06-15 12:54:27 main.py INFO Face Aditya is 98.91%
2024-06-15 12:54:27 main.py INFO Face Aditya is 97.82%
2024-06-15 12:54:27 main.py INFO Face Aditya is 96.47%
2024-06-15 12:54:27 main.py INFO Face Aditya is 96.95%
2024-06-15 12:54:27 main.py INFO Face Aditya is 97.95%
2024-06-15 12:54:27 main.py INFO Face Aditya is 97.39%
2024-06-15 12:54:27 main.py INFO Face Aditya is 97.73%
2024-06-15 12:54:28 main.py INFO Face Aditya is 97.49%
2024-06-15 12:54:28 main.py INFO Face Aditya is 97.83%
2024-06-15 12:54:28 main.py INFO Face Aditya is 97.88%
2024-06-15 12:54:28 main.py INFO Face Aditya is 96.89%
2024-06-15 12:54:28 main.py INFO Face Aditya is 98.08%
2024-06-15 12:54:28 main.py INFO Face Aditya is 97.7%
2024-06-15 12:54:28 main.py INFO Face Aditya is 97.08%
2024-06-15 12:54:28 main.py INFO Face Aditya is 96.08%
2024-06-15 12:54:29 main.py INFO Face Aditya is 96.86%
2024-06-15 12:54:29 main.py INFO Face Aditya is 97.44%
2024-06-15 12:54:29 main.py INFO Face Aditya is 96.49%
2024-06-15 12:54:29 main.py INFO Face Aditya is 96.46%
2024-06-15 12:54:29 main.py INFO Face Aditya is 96.57%
2024-06-15 12:54:29 main.py INFO Face Aditya is 97.66%
2024-06-15 12:54:30 main.py INFO Face Aditya is 97.06%
2024-06-15 12:54:30 main.py INFO Face Aditya is 98.07%
2024-06-15 12:54:30 main.py INFO Face Aditya is 98.89%
2024-06-15 12:54:30 main.py INFO Face Aditya is 96.13%
2024-06-15 12:54:30 main.py INFO Face Aditya is 96.75%
2024-06-15 12:54:30 main.py INFO Face Aditya is 97.87%
2024-06-15 12:54:31 main.py INFO Face Aditya is 97.28%
2024-06-15 12:54:31 main.py INFO Face Aditya is 98.82%
2024-06-15 12:54:31 main.py INFO Face Aditya is 97.69%
2024-06-15 12:54:31 main.py INFO Face Aditya is 97.44%
2024-06-15 12:54:31 main.py INFO Face Aditya is 98.4%
2024-06-15 12:54:31 main.py INFO Face Aditya is 97.21%
2024-06-15 12:54:31 main.py INFO Face Aditya is 98.37%
2024-06-15 12:54:31 main.py INFO Face Aditya is 95.9%
2024-06-15 12:54:31 main.py INFO Face Aditya is 97.36%
2024-06-15 12:54:32 main.py INFO Face Aditya is 95.47%
2024-06-15 12:54:32 main.py INFO Face Aditya is 96.41%
2024-06-15 12:54:32 main.py INFO Face Aditya is 97.19%
2024-06-15 12:54:32 main.py INFO Face Aditya is 95.16%
2024-06-15 12:54:32 main.py INFO Face Aditya is 95.81%
2024-06-15 12:54:32 main.py INFO Face Aditya is 98.65%
2024-06-15 12:54:32 main.py INFO Face Aditya is 98.16%
2024-06-15 12:54:32 main.py INFO Face Aditya is 98.11%
2024-06-15 12:54:32 main.py INFO Face Aditya is 99.04%
2024-06-15 12:54:32 main.py INFO Face Aditya is 96.98%
2024-06-15 12:54:33 main.py INFO Face Aditya is 98.03%
2024-06-15 12:54:33 main.py INFO Face Aditya is 97.49%
2024-06-15 12:54:33 main.py INFO Face Aditya is 97.25%
2024-06-15 12:54:33 main.py INFO Face Aditya is 97.73%
2024-06-15 12:54:33 main.py INFO Face Aditya is 95.6%
2024-06-15 12:54:33 main.py INFO Face Aditya is 97.63%
2024-06-15 12:54:33 main.py INFO Face Aditya is 97.8%
2024-06-15 12:54:33 main.py INFO Face Aditya is 96.74%
2024-06-15 12:54:33 main.py INFO Face Aditya is 95.23%
2024-06-15 12:54:33 main.py INFO Face Aditya is 96.09%
2024-06-15 12:54:34 main.py INFO Face Aditya is 94.39%
2024-06-15 12:54:34 main.py INFO Face Aditya is 92.27%
2024-06-15 12:54:34 main.py INFO Face Aditya is 96.2%
2024-06-15 12:54:34 main.py INFO Face Aditya is 93.14%
2024-06-15 12:54:34 main.py INFO Face Aditya is 93.05%
2024-06-15 12:54:34 main.py INFO Face Aditya is 92.38%
2024-06-15 12:54:34 main.py INFO Face Aditya is 94.34%
2024-06-15 12:54:34 main.py INFO Face Aditya is 99.02%
2024-06-15 12:54:34 main.py INFO Face Aditya is 98.14%
2024-06-15 12:54:34 main.py INFO Face Aditya is 97.37%
2024-06-15 12:54:35 main.py INFO Face Aditya is 98.74%
2024-06-15 12:54:35 main.py INFO Face Aditya is 99.31%
2024-06-15 12:54:35 main.py INFO Face Aditya is 98.96%
2024-06-15 12:54:35 main.py INFO Face Aditya is 99.77%
2024-06-15 12:54:35 main.py INFO Face Aditya is 98.53%
2024-06-15 12:54:35 main.py INFO Face Aditya is 98.19%
2024-06-15 12:54:35 main.py INFO Face Aditya is 99.64%
2024-06-15 12:54:35 main.py INFO Face Aditya is 98.28%
2024-06-15 12:54:35 main.py INFO Face Aditya is 97.97%
2024-06-15 12:54:35 main.py INFO Face Aditya is 97.64%
2024-06-15 12:54:36 main.py INFO Face Aditya is 96.81%
2024-06-15 12:54:36 main.py INFO Face Aditya is 99.02%
2024-06-15 12:54:36 main.py INFO Face Aditya is 98.25%
2024-06-15 12:54:36 main.py INFO Face Aditya is 95.58%
2024-06-15 12:54:36 main.py INFO Face Aditya is 98.33%
2024-06-15 12:54:36 main.py INFO Face Aditya is 97.75%
2024-06-15 12:54:36 main.py INFO Face Aditya is 97.42%
2024-06-15 12:54:36 main.py INFO Face Aditya is 98.75%
2024-06-15 12:54:36 main.py INFO Face Aditya is 98.15%
2024-06-15 12:54:36 main.py INFO Face Aditya is 99.4%
2024-06-15 12:54:37 main.py INFO Face Aditya is 99.02%
2024-06-15 12:54:37 main.py INFO Face Aditya is 97.29%
2024-06-15 12:54:37 main.py INFO Face Aditya is 95.98%
2024-06-15 12:54:37 main.py INFO Face Aditya is 96.13%
2024-06-15 12:54:37 main.py INFO Face Aditya is 95.23%
2024-06-15 12:54:37 main.py INFO Face Aditya is 95.91%
2024-06-15 12:54:37 main.py INFO Face Aditya is 97.07%
2024-06-15 12:54:37 main.py INFO Face Aditya is 97.51%
2024-06-15 12:54:37 main.py INFO Face Aditya is 97.76%
2024-06-15 12:54:37 main.py INFO Face Aditya is 96.86%
2024-06-15 12:54:38 main.py INFO Face Aditya is 97.54%
2024-06-15 12:54:38 main.py INFO Face Aditya is 96.91%
2024-06-15 12:54:38 main.py INFO Face Aditya is 97.72%
2024-06-15 12:54:38 main.py INFO Face Aditya is 95.77%
2024-06-15 12:54:38 main.py INFO Face Aditya is 97.16%
2024-06-15 12:54:38 main.py INFO Face Aditya is 97.54%
2024-06-15 12:54:38 main.py INFO Face Aditya is 96.56%
2024-06-15 12:54:38 main.py INFO Face Aditya is 98.95%
2024-06-15 12:54:38 main.py INFO Face Aditya is 98.12%
2024-06-15 12:54:38 main.py INFO Face Aditya is 97.63%
2024-06-15 12:54:39 main.py INFO Face Aditya is 97.36%
2024-06-15 12:54:39 main.py INFO Face Aditya is 96.85%
2024-06-15 12:54:39 main.py INFO Face Aditya is 98.38%
2024-06-15 12:54:39 main.py INFO Face Aditya is 97.17%
2024-06-15 12:54:39 main.py INFO Face Aditya is 97.44%
2024-06-15 12:54:39 main.py INFO Face Aditya is 97.63%
2024-06-15 12:54:39 main.py INFO Face Aditya is 97.01%
2024-06-15 12:54:39 main.py INFO Face Aditya is 97.71%
2024-06-15 12:54:39 main.py INFO Face Aditya is 97.05%
2024-06-15 12:54:40 main.py INFO Face Aditya is 96.7%
2024-06-15 12:54:40 main.py INFO Face Aditya is 98.54%
2024-06-15 12:54:40 main.py INFO Face Aditya is 98.09%
2024-06-15 12:54:40 main.py INFO Face Aditya is 98.43%
2024-06-15 12:54:40 main.py INFO Face Aditya is 98.94%
2024-06-15 12:54:40 main.py INFO Face Aditya is 98.44%
2024-06-15 12:54:40 main.py INFO Face Aditya is 97.91%
2024-06-15 12:54:40 main.py INFO Face Aditya is 96.82%
2024-06-15 12:54:40 main.py INFO Face Aditya is 97.27%
2024-06-15 12:54:40 main.py INFO Face Aditya is 97.48%
2024-06-15 12:54:41 main.py INFO Face Aditya is 95.37%
2024-06-15 12:54:41 main.py INFO Face Aditya is 95.24%
2024-06-15 12:54:41 main.py INFO Face Aditya is 95.9%
2024-06-15 12:54:41 main.py INFO Face Aditya is 96.0%
2024-06-15 12:54:41 main.py INFO Face Aditya is 95.17%
2024-06-15 12:54:41 main.py INFO Face Aditya is 95.37%
2024-06-15 12:54:41 main.py INFO Face Aditya is 95.89%
2024-06-15 12:54:41 main.py INFO Face Aditya is 94.84%
2024-06-15 12:54:41 main.py INFO Face Aditya is 96.84%
2024-06-15 12:54:41 main.py INFO Face Aditya is 95.47%
2024-06-15 12:54:42 main.py INFO Face Aditya is 96.13%
2024-06-15 12:54:42 main.py INFO Face Aditya is 95.71%
2024-06-15 12:54:42 main.py INFO Face Aditya is 95.85%
2024-06-15 12:54:42 main.py INFO Face Aditya is 96.18%
2024-06-15 12:54:42 main.py INFO Face Aditya is 96.57%
2024-06-15 12:54:42 main.py INFO Face Aditya is 96.75%
2024-06-15 12:54:42 main.py INFO Face Aditya is 96.63%
2024-06-15 12:54:42 main.py INFO Face Aditya is 96.95%
2024-06-15 12:54:42 main.py INFO Face Aditya is 98.36%
2024-06-15 12:54:42 main.py INFO Face Aditya is 98.35%
2024-06-15 12:54:43 main.py INFO Face Aditya is 97.88%
2024-06-15 12:54:43 main.py INFO Face Aditya is 98.51%
2024-06-15 12:54:43 main.py INFO Face Aditya is 96.7%
2024-06-15 12:54:43 main.py INFO Face Aditya is 98.63%
2024-06-15 12:54:43 main.py INFO Face Aditya is 96.89%
2024-06-15 12:54:43 main.py INFO Face Aditya is 98.7%
2024-06-15 12:54:43 main.py INFO Face Aditya is 98.53%
2024-06-15 12:54:43 main.py INFO Face Aditya is 97.8%
2024-06-15 12:54:43 main.py INFO Face Aditya is 97.86%
2024-06-15 12:54:43 main.py INFO Face Aditya is 99.06%
2024-06-15 12:54:44 main.py INFO Face Aditya is 98.79%
2024-06-15 12:54:44 main.py INFO Face Aditya is 96.22%
2024-06-15 12:54:44 main.py INFO Face Aditya is 97.59%
2024-06-15 12:54:44 main.py INFO Face Aditya is 96.17%
2024-06-15 12:54:44 main.py INFO Face Aditya is 97.38%
2024-06-15 12:54:44 main.py INFO Face Aditya is 97.33%
2024-06-15 12:54:44 main.py INFO Face Aditya is 97.68%
2024-06-15 12:54:44 main.py INFO Face Aditya is 98.69%
2024-06-15 12:54:44 main.py INFO Face Aditya is 99.67%
2024-06-15 12:54:45 main.py INFO Face Aditya is 98.72%
2024-06-15 12:54:45 main.py INFO Face Aditya is 98.85%
2024-06-15 12:54:45 main.py INFO Face Aditya is 97.36%
2024-06-15 12:54:45 main.py INFO Face Aditya is 98.61%
2024-06-15 12:54:45 main.py INFO Face Aditya is 97.79%
2024-06-15 12:54:45 main.py INFO Face Aditya is 97.81%
2024-06-15 12:54:45 main.py INFO Face Aditya is 97.78%
2024-06-15 12:54:45 main.py INFO Face Aditya is 98.12%
2024-06-15 12:54:45 main.py INFO Face Aditya is 97.75%
2024-06-15 12:54:45 main.py INFO Face Aditya is 98.35%
2024-06-15 12:54:46 main.py INFO Face Aditya is 98.74%
2024-06-15 12:54:46 main.py INFO Face Aditya is 98.81%
2024-06-15 12:54:46 main.py INFO Face Aditya is 98.21%
2024-06-15 12:54:46 main.py INFO Face Aditya is 97.25%
2024-06-15 12:54:46 main.py INFO Face Aditya is 98.01%
2024-06-15 12:54:46 main.py INFO Face Aditya is 97.72%
2024-06-15 12:54:46 main.py INFO Face Aditya is 98.3%
2024-06-15 12:54:46 main.py INFO Face Aditya is 98.74%
2024-06-15 12:54:46 main.py INFO Face Aditya is 96.77%
2024-06-15 12:54:46 main.py INFO Face Aditya is 98.58%
2024-06-15 12:54:47 main.py INFO Face Aditya is 97.49%
2024-06-15 12:54:47 main.py INFO Face Aditya is 97.34%
2024-06-15 12:54:47 main.py INFO Face Aditya is 95.51%
2024-06-15 12:54:47 main.py INFO Face Aditya is 97.56%
2024-06-15 12:54:47 main.py INFO Face Aditya is 97.84%
2024-06-15 12:54:47 main.py INFO Face Aditya is 96.48%
2024-06-15 12:54:47 main.py INFO Face Aditya is 98.81%
2024-06-15 12:54:47 main.py INFO Face Aditya is 98.84%
2024-06-15 12:54:47 main.py INFO Face Aditya is 97.42%
2024-06-15 12:54:47 main.py INFO Face Aditya is 95.92%
2024-06-15 12:54:48 main.py INFO Face Aditya is 98.36%
2024-06-15 12:54:48 main.py INFO Face Aditya is 97.0%
2024-06-15 12:54:48 main.py INFO Face Aditya is 98.04%
2024-06-15 12:54:48 main.py INFO Face Aditya is 97.62%
2024-06-15 12:54:48 main.py INFO Face Aditya is 98.55%
2024-06-15 12:54:48 main.py INFO Face Aditya is 99.09%
2024-06-15 12:54:48 main.py INFO Face Aditya is 99.79%
2024-06-15 12:54:48 main.py INFO Face Aditya is 99.48%
2024-06-15 12:54:48 main.py INFO Face Aditya is 98.38%
2024-06-15 12:54:48 main.py INFO Face Aditya is 97.51%
2024-06-15 12:54:49 main.py INFO Face Aditya is 97.89%
2024-06-15 12:54:49 main.py INFO Face Aditya is 98.96%
2024-06-15 12:54:49 main.py INFO Face Aditya is 99.19%
2024-06-15 12:54:49 main.py INFO Face Aditya is 99.67%
2024-06-15 12:54:49 main.py INFO Face Aditya is 97.62%
2024-06-15 12:54:49 main.py INFO Face Aditya is 98.63%
2024-06-15 12:54:49 main.py INFO Face Aditya is 97.54%
2024-06-15 12:54:49 main.py INFO Face Aditya is 97.77%
2024-06-15 12:54:49 main.py INFO Face Aditya is 98.47%
2024-06-15 12:54:49 main.py INFO Face Aditya is 97.22%
2024-06-15 12:54:50 main.py INFO Face Aditya is 97.48%
2024-06-15 12:54:50 main.py INFO Face Aditya is 96.92%
2024-06-15 12:54:50 main.py INFO Face Aditya is 96.72%
2024-06-15 12:54:50 main.py INFO Face Aditya is 96.64%
2024-06-15 12:54:50 main.py INFO Face Aditya is 97.77%
2024-06-15 12:54:50 main.py INFO Face Aditya is 96.18%
2024-06-15 12:54:51 main.py INFO Face Aditya is 95.5%
2024-06-15 12:54:51 main.py INFO Face Aditya is 96.19%
2024-06-15 12:54:51 main.py INFO Face Anny is 99.86%
2024-06-15 12:54:51 main.py INFO Face Aditya is 95.35%
2024-06-15 12:54:51 main.py INFO Face Aditya is 92.41%
2024-06-15 12:54:51 main.py INFO Face Aditya is 95.65%
2024-06-15 12:54:51 main.py INFO Face Aditya is 95.7%
2024-06-15 12:54:51 main.py INFO Face Aditya is 96.8%
2024-06-15 12:54:51 main.py INFO Face Aditya is 97.74%
2024-06-15 12:54:52 main.py INFO Face Aditya is 96.57%
2024-06-15 12:54:52 main.py INFO Face Aditya is 94.16%
2024-06-15 12:54:52 main.py INFO Face Smit is 99.89%
2024-06-15 12:54:52 main.py INFO Face Aditya is 96.68%
2024-06-15 12:54:52 main.py INFO Face Anny is 99.96%
2024-06-15 12:54:52 main.py INFO Face Aditya is 94.77%
2024-06-15 12:54:52 main.py INFO Face Aditya is 98.61%
2024-06-15 12:54:52 main.py INFO Face Anny is 99.67%
2024-06-15 12:54:52 main.py INFO Face Aditya is 97.05%
2024-06-15 12:54:52 main.py INFO Face Anny is 100.0%
2024-06-15 12:54:52 main.py INFO Face Anny is 98.86%
2024-06-15 12:54:52 main.py INFO Face Aditya is 95.41%
2024-06-15 12:54:52 main.py INFO Face Anny is 97.22%
2024-06-15 12:54:52 main.py INFO Face Aditya is 95.14%
2024-06-15 12:54:53 main.py INFO Face Aditya is 94.82%
2024-06-15 12:54:53 main.py INFO Face Anny is 99.27%
2024-06-15 12:54:53 main.py INFO Face Anny is 99.99%
2024-06-15 12:54:53 main.py INFO Face Aditya is 92.38%
2024-06-15 12:54:53 main.py INFO Face Anny is 99.71%
2024-06-15 12:54:53 main.py INFO Face Aditya is 93.1%
2024-06-15 12:54:53 main.py INFO Face Anny is 99.78%
2024-06-15 12:54:53 main.py INFO Face Aditya is 92.91%
2024-06-15 12:54:53 main.py INFO Face Aditya is 94.91%
2024-06-15 12:54:53 main.py INFO Face Anny is 99.88%
2024-06-15 12:54:53 main.py INFO Face Aditya is 95.31%
2024-06-15 12:54:53 main.py INFO Face Anny is 99.89%
2024-06-15 12:54:53 main.py INFO Face Aditya is 93.18%
2024-06-15 12:54:53 main.py INFO Face Smit is 99.58%
2024-06-15 12:54:53 main.py INFO Face Aditya is 94.48%
2024-06-15 12:54:53 main.py INFO Face Aditya is 99.83%
2024-06-15 12:54:54 main.py INFO Face Anny is 99.42%
2024-06-15 12:54:54 main.py INFO Face Aditya is 95.02%
2024-06-15 12:54:54 main.py INFO Face Aditya is 94.82%
2024-06-15 12:54:54 main.py INFO Face Aditya is 93.63%
2024-06-15 12:54:54 main.py INFO Face Aditya is 93.73%
2024-06-15 12:54:54 main.py INFO Face Aditya is 94.26%
2024-06-15 12:54:54 main.py INFO Face Aditya is 94.9%
2024-06-15 12:54:54 main.py INFO Face Aditya is 94.56%
2024-06-15 12:54:54 main.py INFO Face Aditya is 95.1%
2024-06-15 12:54:54 main.py INFO Face Aditya is 95.48%
2024-06-15 12:54:55 main.py INFO Face Aditya is 94.06%
2024-06-15 12:54:55 main.py INFO Face Aditya is 93.11%
2024-06-15 12:54:55 main.py INFO Face Aditya is 97.26%
2024-06-15 12:54:55 main.py INFO Face Aditya is 94.98%
2024-06-15 12:54:55 main.py INFO Face Aditya is 97.99%
2024-06-15 12:54:55 main.py INFO Face Aditya is 97.34%
2024-06-15 12:54:55 main.py INFO Face Aditya is 96.92%
2024-06-15 12:54:55 main.py INFO Face Aditya is 95.52%
2024-06-15 12:54:55 main.py INFO Face Aditya is 98.16%
2024-06-15 12:54:55 main.py INFO Face Aditya is 96.01%
2024-06-15 12:54:56 main.py INFO Face Aditya is 95.94%
2024-06-15 12:54:56 main.py INFO Face Aditya is 94.76%
2024-06-15 12:54:56 main.py INFO Face Aditya is 93.43%
2024-06-15 12:54:56 main.py INFO Face Aditya is 94.86%
2024-06-15 12:54:56 main.py INFO Face Aditya is 95.5%
2024-06-15 12:54:56 main.py INFO Face Aditya is 94.7%
2024-06-15 12:54:56 main.py INFO Face Aditya is 90.0%
2024-06-15 12:54:56 main.py INFO Face Aditya is 92.83%
2024-06-15 12:54:56 main.py INFO Face Aditya is 91.1%
2024-06-15 12:54:56 main.py INFO Face Aditya is 92.15%
2024-06-15 12:54:57 main.py INFO Face Aditya is 91.99%
2024-06-15 12:54:57 main.py INFO Face Aditya is 92.69%
2024-06-15 12:54:57 main.py INFO Face Aditya is 91.3%
2024-06-15 12:54:57 main.py INFO Face Aditya is 90.37%
2024-06-15 12:54:57 main.py INFO Face Aditya is 94.62%
2024-06-15 12:54:57 main.py INFO Face Aditya is 97.5%
2024-06-15 12:54:57 main.py INFO Face Aditya is 93.18%
2024-06-15 12:54:57 main.py INFO Face Aditya is 95.91%
2024-06-15 12:54:57 main.py INFO Face Aditya is 94.8%
2024-06-15 12:54:57 main.py INFO Face Aditya is 91.64%
2024-06-15 12:54:58 main.py INFO Face Aditya is 91.5%
2024-06-15 12:54:58 main.py INFO Face Aditya is 92.21%
2024-06-15 12:54:58 main.py INFO Face Aditya is 94.2%
2024-06-15 12:54:58 main.py INFO Face Aditya is 93.92%
2024-06-15 12:54:58 main.py INFO Face Aditya is 95.29%
2024-06-15 12:54:58 main.py INFO Face Aditya is 94.84%
2024-06-15 12:54:58 main.py INFO Face Aditya is 93.66%
2024-06-15 12:54:58 main.py INFO Face Aditya is 94.82%
2024-06-15 12:54:58 main.py INFO Face Aditya is 93.23%
2024-06-15 12:54:59 main.py INFO Face Aditya is 93.26%
2024-06-15 12:54:59 main.py INFO Face Aditya is 93.04%
2024-06-15 12:54:59 main.py INFO Face Aditya is 95.01%
2024-06-15 12:54:59 main.py INFO Face Aditya is 94.54%
2024-06-15 12:54:59 main.py INFO Face Aditya is 94.25%
2024-06-15 12:54:59 main.py INFO Face Aditya is 95.34%
2024-06-15 12:54:59 main.py INFO Face Aditya is 94.58%
2024-06-15 12:55:00 main.py INFO Face Aditya is 94.52%
2024-06-15 12:55:00 main.py INFO Face Aditya is 96.67%
2024-06-15 12:55:00 main.py INFO Face Aditya is 93.1%
2024-06-15 12:55:00 main.py INFO Face Aditya is 95.65%
2024-06-15 12:55:00 main.py INFO Face Aditya is 96.5%
2024-06-15 12:55:00 main.py INFO Face Aditya is 96.63%
2024-06-15 12:55:00 main.py INFO Face Aditya is 97.59%
2024-06-15 12:55:00 main.py INFO Face Aditya is 97.34%
2024-06-15 12:55:00 main.py INFO Face Aditya is 96.05%
2024-06-15 12:55:01 main.py INFO Face Aditya is 95.81%
2024-06-15 12:55:01 main.py INFO Face Aditya is 97.0%
2024-06-15 12:55:01 main.py INFO Face Aditya is 96.18%
2024-06-15 12:55:01 main.py INFO Face Aditya is 96.33%
2024-06-15 12:55:01 main.py INFO Face Aditya is 95.1%
2024-06-15 12:55:01 main.py INFO Face Aditya is 96.07%
2024-06-15 12:55:01 main.py INFO Face Aditya is 96.43%
2024-06-15 12:55:01 main.py INFO Face Aditya is 95.81%
2024-06-15 12:55:01 main.py INFO Face Aditya is 95.58%
2024-06-15 12:55:01 main.py INFO Face Aditya is 95.05%
2024-06-15 12:55:02 main.py INFO Face Aditya is 95.87%
2024-06-15 12:55:02 main.py INFO Face Aditya is 95.9%
2024-06-15 12:55:02 main.py INFO Face Aditya is 96.57%
2024-06-15 12:55:02 main.py INFO Face Aditya is 96.7%
2024-06-15 12:55:02 main.py INFO Face Aditya is 97.73%
2024-06-15 12:55:02 main.py INFO Face Aditya is 97.04%
2024-06-15 12:55:02 main.py INFO Face Aditya is 96.63%
2024-06-15 12:55:02 main.py INFO Face Aditya is 96.76%
2024-06-15 12:55:02 main.py INFO Face Aditya is 95.97%
2024-06-15 12:55:02 main.py INFO Face Aditya is 95.63%
2024-06-15 12:55:03 main.py INFO Face Aditya is 96.4%
2024-06-15 12:55:03 main.py INFO Face Aditya is 96.87%
2024-06-15 12:55:03 main.py INFO Face Aditya is 96.1%
2024-06-15 12:55:03 main.py INFO Face Aditya is 96.29%
2024-06-15 12:55:03 main.py INFO Face Aditya is 97.36%
2024-06-15 12:55:03 main.py INFO Face Aditya is 96.77%
2024-06-15 12:55:03 main.py INFO Face Aditya is 97.1%
2024-06-15 12:55:03 main.py INFO Face Aditya is 96.95%
2024-06-15 12:55:03 main.py INFO Face Aditya is 96.22%
2024-06-15 12:55:03 main.py INFO Face Aditya is 97.12%
2024-06-15 12:55:04 main.py INFO Face Aditya is 97.27%
2024-06-15 12:55:04 main.py INFO Face Aditya is 97.16%
2024-06-15 12:55:04 main.py INFO Face Aditya is 97.98%
2024-06-15 12:55:04 main.py INFO Face Aditya is 97.34%
2024-06-15 12:55:04 main.py INFO Face Aditya is 98.53%
2024-06-15 12:55:04 main.py INFO Face Aditya is 96.83%
2024-06-15 12:55:04 main.py INFO Face Aditya is 98.04%
2024-06-15 12:55:04 main.py INFO Face Aditya is 97.72%
2024-06-15 12:55:04 main.py INFO Face Aditya is 97.61%
2024-06-15 12:55:04 main.py INFO Face Aditya is 96.42%
2024-06-15 12:55:05 main.py INFO Face Aditya is 96.25%
2024-06-15 12:55:05 main.py INFO Face Aditya is 97.53%
2024-06-15 12:55:05 main.py INFO Face Aditya is 97.77%
2024-06-15 12:55:05 main.py INFO Face Aditya is 97.42%
2024-06-15 12:55:05 main.py INFO Face Aditya is 98.27%
2024-06-15 12:55:05 main.py INFO Face Aditya is 98.41%
2024-06-15 12:55:05 main.py INFO Face Aditya is 98.55%
2024-06-15 12:55:05 main.py INFO Face Smit is 99.41%
2024-06-15 12:55:05 main.py INFO Face Aditya is 99.01%
2024-06-15 12:55:06 main.py INFO Face Aditya is 98.97%
2024-06-15 12:55:06 main.py INFO Face Aditya is 99.26%
2024-06-15 12:55:06 main.py INFO Face Aditya is 98.56%
2024-06-15 12:55:06 main.py INFO Face Aditya is 97.54%
2024-06-15 12:55:06 main.py INFO Face Aditya is 98.14%
2024-06-15 12:55:06 main.py INFO Face Aditya is 98.49%
2024-06-15 12:55:06 main.py INFO Face Aditya is 98.36%
2024-06-15 12:55:06 main.py INFO Face Aditya is 98.86%
2024-06-15 12:55:06 main.py INFO Face Aditya is 98.4%
2024-06-15 12:55:06 main.py INFO Face Aditya is 98.35%
2024-06-15 12:55:07 main.py INFO Face Aditya is 97.74%
2024-06-15 12:55:07 main.py INFO Face Aditya is 97.89%
2024-06-15 12:55:07 main.py INFO Face Aditya is 98.2%
2024-06-15 12:55:07 main.py INFO Face Aditya is 98.7%
2024-06-15 12:55:07 main.py INFO Face Aditya is 98.83%
2024-06-15 12:55:07 main.py INFO Face Aditya is 99.26%
2024-06-15 12:55:07 main.py INFO Face Aditya is 98.75%
2024-06-15 12:55:07 main.py INFO Face Aditya is 98.95%
2024-06-15 12:55:07 main.py INFO Face Aditya is 98.83%
2024-06-15 12:55:07 main.py INFO Face Aditya is 98.4%
2024-06-15 12:55:08 main.py INFO Face Aditya is 98.46%
2024-06-15 12:55:08 main.py INFO Face Aditya is 99.05%
2024-06-15 12:55:08 main.py INFO Face Aditya is 98.8%
2024-06-15 12:55:08 main.py INFO Face Aditya is 97.86%
2024-06-15 12:55:08 main.py INFO Face Aditya is 98.58%
2024-06-15 12:55:08 main.py INFO Face Aditya is 99.05%
2024-06-15 12:55:08 main.py INFO Face Aditya is 98.24%
2024-06-15 12:55:08 main.py INFO Face Aditya is 97.92%
2024-06-15 12:55:08 main.py INFO Face Aditya is 97.77%
2024-06-15 12:55:08 main.py INFO Face Aditya is 96.16%
2024-06-15 12:55:09 main.py INFO Face Aditya is 96.62%
2024-06-15 12:55:09 main.py INFO Face Aditya is 98.26%
2024-06-15 12:55:09 main.py INFO Face Aditya is 96.5%
2024-06-15 12:55:09 main.py INFO Face Aditya is 95.97%
2024-06-15 12:55:09 main.py INFO Face Aditya is 96.71%
2024-06-15 12:55:09 main.py INFO Face Aditya is 95.64%
2024-06-15 12:55:09 main.py INFO Face Aditya is 95.55%
2024-06-15 12:55:09 main.py INFO Face Aditya is 95.6%
2024-06-15 12:55:09 main.py INFO Face Aditya is 96.28%
2024-06-15 12:55:09 main.py INFO Face Aditya is 95.21%
2024-06-15 12:55:10 main.py INFO Face Aditya is 95.65%
2024-06-15 12:55:10 main.py INFO Face Aditya is 95.77%
2024-06-15 12:55:10 main.py INFO Face Aditya is 95.88%
2024-06-15 12:55:10 main.py INFO Face Aditya is 95.95%
2024-06-15 12:55:10 main.py INFO Face Aditya is 97.41%
2024-06-15 12:55:10 main.py INFO Face Aditya is 95.86%
2024-06-15 12:55:10 main.py INFO Face Aditya is 94.56%
2024-06-15 12:55:10 main.py INFO Face Aditya is 93.52%
2024-06-15 12:55:10 main.py INFO Face Aditya is 95.58%
2024-06-15 12:55:11 main.py INFO Face Aditya is 96.55%
2024-06-15 12:55:11 main.py INFO Face Aditya is 96.52%
2024-06-15 12:55:11 main.py INFO Face Aditya is 96.13%
2024-06-15 12:55:11 main.py INFO Face Aditya is 96.09%
2024-06-15 12:55:11 main.py INFO Face Aditya is 95.34%
2024-06-15 12:55:11 main.py INFO Face Aditya is 95.46%
2024-06-15 12:55:11 main.py INFO Face Aditya is 93.43%
2024-06-15 12:55:11 main.py INFO Face Aditya is 93.52%
2024-06-15 12:55:11 main.py INFO Face Aditya is 94.97%
2024-06-15 12:55:11 main.py INFO Face Aditya is 95.6%
